#                                                                    --- full sequence ---- --- best 1 domain ---- --- domain number estimation ----
# target name             accession  query name           accession    E-value  score  bias   E-value  score  bias   exp reg clu  ov env dom rep inc description of target
#     ------------------- ---------- -------------------- ---------- --------- ------ ----- --------- ------ -----   --- --- --- --- --- --- --- --- ---------------------
sp|A0A6P8HC43|ATPI1_ACTTE -          kunitz_MSA_clean     -            6.7e-96  310.4  65.7     2e-26   88.0   8.6   4.1   4   0   0   4   4   4   4 Actinia tenebrosa protease inhibitors OS=Actinia tenebrosa OX=6105 PE=1 SV=1
sp|Q02445|TFPI1_RAT       -          kunitz_MSA_clean     -            3.5e-71  231.3  41.8   1.1e-25   85.6  10.3   3.2   3   0   0   3   3   3   3 Tissue factor pathway inhibitor OS=Rattus norvegicus OX=10116 GN=Tfpi PE=2 SV=1
sp|P19761|TFPI1_RABIT     -          kunitz_MSA_clean     -            1.5e-67  219.6  37.7   2.2e-25   84.6   5.7   3.2   3   0   0   3   3   3   3 Tissue factor pathway inhibitor OS=Oryctolagus cuniculus OX=9986 GN=TFPI PE=2 SV=2
sp|P84875|PCPI_SABMA      -          kunitz_MSA_clean     -            6.8e-66  214.3  36.4   4.9e-23   77.1  13.0   3.0   2   1   1   3   3   3   3 Carboxypeptidase inhibitor SmCI OS=Sabellastarte magnifica OX=389514 PE=1 SV=1
sp|P83606|BMTI6_RHIMP     -          kunitz_MSA_clean     -              1e-62  204.2  42.7   2.7e-22   74.7   8.6   3.1   3   0   0   3   3   3   3 Kunitz-type serine protease inhibitor 6 (Fragment) OS=Rhipicephalus microplus OX=6941 PE=1 SV=2
sp|W4VSH9|VKT1_TRILK      -          kunitz_MSA_clean     -              9e-47  153.1  19.8   6.9e-25   83.0   5.6   2.2   2   0   0   2   2   2   2 Kunitz-type U19-barytoxin-Tl1a OS=Trittame loki OX=1295018 PE=2 SV=2
sp|Q6T269|VKT3_BITGA      -          kunitz_MSA_clean     -            9.8e-47  153.0  27.5   6.2e-24   80.0   9.6   3.0   1   1   2   3   3   3   2 Kunitz-type serine protease inhibitor bitisilin-3 (Fragment) OS=Bitis gabonica OX=8694 PE=2 SV=1
sp|Q8WPI2|KUNIH_RHIMP     -          kunitz_MSA_clean     -              3e-46  151.4  23.5   5.6e-26   86.5   7.8   2.2   2   0   0   2   2   2   2 Boophilin-H2 OS=Rhipicephalus microplus OX=6941 PE=1 SV=1
sp|C0HMC7|KUN_HAEDO       -          kunitz_MSA_clean     -              1e-44  146.5  25.8   1.1e-26   88.8   7.5   2.1   2   0   0   2   2   2   2 Doenitin-1 OS=Haemaphysalis doenitzi OX=1048531 PE=2 SV=1
sp|Q5VJG2|KUNI_AMBHE      -          kunitz_MSA_clean     -            1.6e-42  139.5  23.8   5.8e-23   76.8   7.6   2.2   2   0   0   2   2   2   2 Amblin OS=Amblyomma hebraeum OX=34608 PE=1 SV=1
sp|Q9R097|SPIT1_MOUSE     -          kunitz_MSA_clean     -            7.7e-41  134.1  25.5     4e-22   74.1   6.5   2.6   2   0   0   2   2   2   2 Kunitz-type protease inhibitor 1 OS=Mus musculus OX=10090 GN=Spint1 PE=1 SV=2
sp|P00978|AMBP_BOVIN      -          kunitz_MSA_clean     -            6.3e-40  131.2  21.2   1.1e-20   69.6   6.7   2.4   1   1   1   2   2   2   2 Protein AMBP OS=Bos taurus OX=9913 GN=AMBP PE=1 SV=2
sp|P62757|IATR_SHEEP      -          kunitz_MSA_clean     -            1.5e-39  130.0  23.2   2.2e-21   71.8   5.5   2.0   1   1   1   2   2   2   2 Inter-alpha-trypsin inhibitor (Fragment) OS=Ovis aries OX=9940 PE=1 SV=1
sp|Q08E66|WFKN2_BOVIN     -          kunitz_MSA_clean     -            5.5e-39  128.2  14.7     2e-24   81.5   3.4   3.0   2   0   0   2   2   2   2 WAP, Kazal, immunoglobulin, Kunitz and NTR domain-containing protein 2 OS=Bos taurus OX=9913 GN=WFIKKN2 PE=2 SV=1
sp|Q64240|AMBP_RAT        -          kunitz_MSA_clean     -            5.6e-38  124.9  23.9   1.8e-20   68.8   6.8   2.3   1   1   1   2   2   2   2 Protein AMBP OS=Rattus norvegicus OX=10116 GN=Ambp PE=1 SV=1
sp|Q8TEU8|WFKN2_HUMAN     -          kunitz_MSA_clean     -            1.2e-33  111.1  21.6   5.2e-23   77.0   4.8   3.2   3   0   0   3   3   2   2 WAP, Kazal, immunoglobulin, Kunitz and NTR domain-containing protein 2 OS=Homo sapiens OX=9606 GN=WFIKKN2 PE=1 SV=1
sp|P00975|IBPS_BOVIN      -          kunitz_MSA_clean     -            6.8e-29   95.8   7.6   7.4e-29   95.7   7.6   1.0   1   0   0   1   1   1   1 Serum basic protease inhibitor OS=Bos taurus OX=9913 PE=1 SV=1
sp|Q7LZS8|VKTRE_DENAN     -          kunitz_MSA_clean     -            1.9e-28   94.4   6.2     2e-28   94.3   6.2   1.0   1   0   0   1   1   1   1 Kunitz-type serine protease inhibitor long epsilon-dendrotoxin Arg55 OS=Dendroaspis angusticeps OX=8618 PE=1 SV=1
sp|Q96NZ8|WFKN1_HUMAN     -          kunitz_MSA_clean     -            3.3e-28   93.6   4.0     1e-20   69.6   0.6   2.8   2   0   0   2   2   2   2 WAP, Kazal, immunoglobulin, Kunitz and NTR domain-containing protein 1 OS=Homo sapiens OX=9606 GN=WFIKKN1 PE=1 SV=1
sp|P0DMW7|VKT3B_ACTEQ     -          kunitz_MSA_clean     -            4.2e-28   93.3   9.1   4.4e-28   93.2   9.1   1.0   1   0   0   1   1   1   1 PI-actitoxin-Aeq3b OS=Actinia equina OX=6106 PE=1 SV=1
sp|P00984|VKTE_DENPO      -          kunitz_MSA_clean     -            4.8e-28   93.1   5.9     5e-28   93.1   5.9   1.0   1   0   0   1   1   1   1 Kunitz-type serine protease inhibitor dendrotoxin E OS=Dendroaspis polylepis polylepis OX=8620 PE=1 SV=1
sp|Q90W98|VKT4_PSETT      -          kunitz_MSA_clean     -            7.7e-28   92.5   6.8   8.7e-28   92.3   6.8   1.0   1   0   0   1   1   1   1 Kunitz-type serine protease inhibitor textilinin-4 OS=Pseudonaja textilis textilis OX=169397 PE=2 SV=1
sp|Q2ES47|VKT4_DABRR      -          kunitz_MSA_clean     -            8.3e-28   92.4   6.5   9.5e-28   92.2   6.5   1.0   1   0   0   1   1   1   1 Kunitz-type serine protease inhibitor 4 OS=Daboia russelii OX=8707 PE=2 SV=1
sp|F8J2F3|VKT28_DRYCN     -          kunitz_MSA_clean     -            8.5e-28   92.3   5.5   9.7e-28   92.1   5.5   1.0   1   0   0   1   1   1   1 Kunitz-type serine protease inhibitor 28 OS=Drysdalia coronoides OX=66186 PE=1 SV=1
sp|B7S4N9|VKT_OXYSC       -          kunitz_MSA_clean     -              1e-27   92.1   5.3   1.2e-27   91.9   5.3   1.0   1   0   0   1   1   1   1 Kunitz-type serine protease inhibitor taicotoxin OS=Oxyuranus scutellatus scutellatus OX=8667 PE=1 SV=1
sp|P36992|AMBP_PLEPL      -          kunitz_MSA_clean     -              1e-27   92.0  16.2   6.2e-19   63.9   6.6   2.3   1   1   1   2   2   2   2 Protein AMBP (Fragment) OS=Pleuronectes platessa OX=8262 PE=2 SV=1
sp|C0HK74|3CPI_HETMG      -          kunitz_MSA_clean     -            1.1e-27   92.0   4.3   1.1e-27   92.0   4.3   1.0   1   0   0   1   1   1   1 PI-stichotoxin-Hmg3c OS=Heteractis magnifica OX=38281 PE=1 SV=1
sp|P00985|VKT2_HEMHA      -          kunitz_MSA_clean     -            1.1e-27   92.0   4.1   1.1e-27   91.9   4.1   1.0   1   0   0   1   1   1   1 Kunitz-type serine protease inhibitor 2 OS=Hemachatus haemachatus OX=8626 PE=1 SV=1
sp|Q2ES46|VKT5_DABRR      -          kunitz_MSA_clean     -            1.2e-27   91.8   6.2   1.4e-27   91.6   6.2   1.1   1   0   0   1   1   1   1 Kunitz-type serine protease inhibitor 5 OS=Daboia russelii OX=8707 PE=2 SV=1
sp|C0HK72|3API_HETMG      -          kunitz_MSA_clean     -            1.6e-27   91.5   4.1   1.7e-27   91.4   4.1   1.0   1   0   0   1   1   1   1 PI-stichotoxin-Hmg3a OS=Heteractis magnifica OX=38281 PE=1 SV=1
sp|P0DN06|VKT1A_ANEVI     -          kunitz_MSA_clean     -            1.9e-27   91.2   4.6   2.3e-27   91.0   4.6   1.1   1   0   0   1   1   1   1 U-actitoxin-Avd3f OS=Anemonia viridis OX=51769 PE=3 SV=1
sp|B5L5R0|IVBI4_PSEPO     -          kunitz_MSA_clean     -            2.3e-27   91.0   6.7   2.6e-27   90.8   6.7   1.0   1   0   0   1   1   1   1 Blackelin-4 OS=Pseudechis porphyriacus OX=8671 PE=3 SV=1
sp|B5KF96|VKT2_CRYNI      -          kunitz_MSA_clean     -            2.4e-27   90.9   6.2   2.7e-27   90.7   6.2   1.0   1   0   0   1   1   1   1 Kunitz-type serine protease inhibitor nigrescinin-2 OS=Cryptophis nigrescens OX=292442 PE=2 SV=1
sp|B6RLX2|VKTCT_OPHHA     -          kunitz_MSA_clean     -            2.9e-27   90.6   6.8   3.3e-27   90.4   6.8   1.0   1   0   0   1   1   1   1 Kunitz-type serine protease inhibitor TCI OS=Ophiophagus hannah OX=8665 PE=1 SV=1
sp|C0HLA5|MAMB2_DENVI     -          kunitz_MSA_clean     -            2.9e-27   90.6   9.4   3.1e-27   90.5   9.4   1.0   1   0   0   1   1   1   1 Mambaquaretin-2 OS=Dendroaspis viridis OX=8621 PE=1 SV=1
sp|C0HLA7|MAMB4_DENVI     -          kunitz_MSA_clean     -            2.9e-27   90.6   9.1   3.1e-27   90.5   9.1   1.0   1   0   0   1   1   1   1 Mambaquaretin-4 OS=Dendroaspis viridis OX=8621 PE=1 SV=1
sp|F8J2F5|VKT87_DRYCN     -          kunitz_MSA_clean     -            3.1e-27   90.5   6.0   3.5e-27   90.3   6.0   1.0   1   0   0   1   1   1   1 Kunitz-type serine protease inhibitor 87 OS=Drysdalia coronoides OX=66186 PE=1 SV=1
sp|B5KF95|VKT1_CRYNI      -          kunitz_MSA_clean     -            4.2e-27   90.1   7.5   4.8e-27   89.9   7.5   1.0   1   0   0   1   1   1   1 Kunitz-type serine protease inhibitor nigrescinin-1 OS=Cryptophis nigrescens OX=292442 PE=2 SV=1
sp|B5KL36|VKT5_CRYNI      -          kunitz_MSA_clean     -            4.2e-27   90.1   7.5   4.8e-27   89.9   7.5   1.0   1   0   0   1   1   1   1 Kunitz-type serine protease inhibitor nigrescinin-5 OS=Cryptophis nigrescens OX=292442 PE=2 SV=1
sp|P00991|VKT1_VIPAA      -          kunitz_MSA_clean     -            4.8e-27   89.9   8.1   5.6e-27   89.7   8.1   1.1   1   0   0   1   1   1   1 Kunitz-type serine protease inhibitor 1 OS=Vipera ammodytes ammodytes OX=8705 PE=1 SV=2
sp|P0DN08|VKT53_ANEVI     -          kunitz_MSA_clean     -            4.9e-27   89.9   6.9   6.1e-27   89.6   6.9   1.1   1   0   0   1   1   1   1 KappaPI-actitoxin-Avd3e OS=Anemonia viridis OX=51769 PE=3 SV=1
sp|C0HK73|3BPI_HETMG      -          kunitz_MSA_clean     -            5.2e-27   89.8   3.2   5.5e-27   89.7   3.2   1.0   1   0   0   1   1   1   1 PI-stichotoxin-Hmg3b OS=Heteractis magnifica OX=38281 PE=1 SV=1
sp|P00986|VKT2_NAJNI      -          kunitz_MSA_clean     -            5.4e-27   89.8   4.4   5.7e-27   89.7   4.4   1.0   1   0   0   1   1   1   1 Kunitz-type serine protease inhibitor 2 OS=Naja nivea OX=8655 PE=1 SV=1
sp|P0DN09|VKT5_ANEVI      -          kunitz_MSA_clean     -            6.2e-27   89.6   6.9   7.6e-27   89.3   6.9   1.1   1   0   0   1   1   1   1 U-actitoxin-Avd3h OS=Anemonia viridis OX=51769 PE=3 SV=1
sp|B5L5M7|IVBI_AUSSU      -          kunitz_MSA_clean     -            6.3e-27   89.5   9.3   7.2e-27   89.4   9.3   1.0   1   0   0   1   1   1   1 Kunitz/BPTI-like toxin OS=Austrelaps superbus OX=29156 PE=3 SV=1
sp|P81129|VKT2_STIHL      -          kunitz_MSA_clean     -            6.4e-27   89.5   8.7   6.8e-27   89.4   8.7   1.0   1   0   0   1   1   1   1 PI-stichotoxin-She2b OS=Stichodactyla helianthus OX=6123 PE=1 SV=1
sp|Q6T6S5|VKT2_BITGA      -          kunitz_MSA_clean     -            6.7e-27   89.5  11.5   7.8e-27   89.2  11.5   1.1   1   0   0   1   1   1   1 Kunitz-type serine protease inhibitor bitisilin-2 OS=Bitis gabonica OX=8694 PE=1 SV=1
sp|P00992|VKT3_VIPAA      -          kunitz_MSA_clean     -            7.4e-27   89.3   7.4   8.6e-27   89.1   7.4   1.1   1   0   0   1   1   1   1 Kunitz-type serine protease inhibitor 3 OS=Vipera ammodytes ammodytes OX=8705 PE=1 SV=2
sp|P0DN11|VKT7_ANEVI      -          kunitz_MSA_clean     -            7.7e-27   89.3   5.7   9.6e-27   89.0   5.7   1.1   1   0   0   1   1   1   1 U-actitoxin-Avd3j OS=Anemonia viridis OX=51769 PE=3 SV=1
sp|B5KL37|VKT6_CRYNI      -          kunitz_MSA_clean     -            8.2e-27   89.2   7.1   9.3e-27   89.0   7.1   1.0   1   0   0   1   1   1   1 Kunitz-type serine protease inhibitor nigrescinin-6 OS=Cryptophis nigrescens OX=292442 PE=2 SV=1
sp|P0DV03|VKT2M_RADCR     -          kunitz_MSA_clean     -            8.6e-27   89.1   3.7     9e-27   89.0   3.7   1.0   1   0   0   1   1   1   1 PI-stichotoxin-Hcr2m OS=Radianthus crispa OX=3122430 PE=3 SV=1
sp|P00981|VKTHK_DENPO     -          kunitz_MSA_clean     -            1.1e-26   88.7   4.9   1.4e-26   88.5   4.9   1.0   1   0   0   1   1   1   1 Kunitz-type serine protease inhibitor homolog dendrotoxin K (Fragment) OS=Dendroaspis polylepis polylepis OX=8620 PE=1 SV=2
sp|C0HLA8|MAMB5_DENJA     -          kunitz_MSA_clean     -            1.1e-26   88.7   8.8   1.2e-26   88.6   8.8   1.0   1   0   0   1   1   1   1 Mambaquaretin-5 OS=Dendroaspis jamesoni kaimosae OX=8619 PE=1 SV=1
sp|P0DN12|VKT8_ANEVI      -          kunitz_MSA_clean     -            1.3e-26   88.6   5.7   1.5e-26   88.3   5.7   1.1   1   0   0   1   1   1   1 U-actitoxin-Avd3k OS=Anemonia viridis OX=51769 PE=3 SV=1
sp|B5KL35|VKT4_CRYNI      -          kunitz_MSA_clean     -            1.3e-26   88.6   6.4   1.4e-26   88.4   6.4   1.0   1   0   0   1   1   1   1 Kunitz-type serine protease inhibitor nigrescinin-4 OS=Cryptophis nigrescens OX=292442 PE=2 SV=1
sp|A0A6B7FA07|VKT2J_RADCR -          kunitz_MSA_clean     -            1.6e-26   88.2   6.7   1.6e-26   88.2   6.7   1.7   1   1   1   2   2   1   1 PI-stichotoxin-Hcr2j (Fragment) OS=Radianthus crispa OX=3122430 GN=iq4c7 PE=1 SV=1
sp|C0HJF3|VKT2D_RADCR     -          kunitz_MSA_clean     -            1.6e-26   88.2   5.7   1.7e-26   88.1   5.7   1.0   1   0   0   1   1   1   1 TauPI-stichotoxin-Hcr2d OS=Radianthus crispa OX=3122430 PE=1 SV=1
sp|A0A6B7FEJ3|VKT2K_RADCR -          kunitz_MSA_clean     -            2.4e-26   87.7   6.8   2.4e-26   87.7   6.8   1.7   1   1   1   2   2   1   1 PI-stichotoxin-Hcr2k (Fragment) OS=Radianthus crispa OX=3122430 GN=iq1c9 PE=1 SV=1
sp|A6MGY1|VKT7_DEMVE      -          kunitz_MSA_clean     -            2.8e-26   87.5   5.4   3.1e-26   87.3   5.4   1.0   1   0   0   1   1   1   1 Kunitz-type serine protease inhibitor vestiginin-7 OS=Demansia vestigiata OX=412038 PE=1 SV=1
sp|A0A6B7FBD3|VKT2I_RADCR -          kunitz_MSA_clean     -            3.2e-26   87.3   6.8   3.2e-26   87.3   6.8   1.9   1   1   2   3   3   1   1 PI-stichotoxin-Hcr2i OS=Radianthus crispa OX=3122430 GN=iq2c1 PE=1 SV=1
sp|B5L5R4|IVBI4_NOTSC     -          kunitz_MSA_clean     -            3.4e-26   87.2   4.6   3.9e-26   87.0   4.6   1.0   1   0   0   1   1   1   1 Tigerin-4 OS=Notechis scutatus scutatus OX=70142 PE=3 SV=1
sp|Q964Q0|IXOSP_IXOSC     -          kunitz_MSA_clean     -            3.4e-26   87.2  13.5   4.7e-22   73.9   2.8   2.3   2   0   0   2   2   2   2 Ixolaris OS=Ixodes scapularis OX=6945 PE=1 SV=1
sp|P81902|CSTI_BOMMO      -          kunitz_MSA_clean     -            3.6e-26   87.1   2.7   3.8e-26   87.0   2.7   1.0   1   0   0   1   1   1   1 Trypsin inhibitor OS=Bombyx mori OX=7091 PE=1 SV=1
sp|P81547|VKT1_ANTAF      -          kunitz_MSA_clean     -              4e-26   87.0   7.4   4.5e-26   86.8   7.4   1.0   1   0   0   1   1   1   1 PI-actitoxin-Axm2a OS=Anthopleura aff. xanthogrammica OX=152178 PE=1 SV=1
sp|E7FL11|VKT1_PSERS      -          kunitz_MSA_clean     -            4.1e-26   86.9   6.4   4.6e-26   86.8   6.4   1.0   1   0   0   1   1   1   1 Kunitz serine protease inhibitor Pr-mulgin 1 OS=Pseudechis rossignolii OX=1489342 PE=1 SV=1
sp|P0DN19|VKTF_ANEVI      -          kunitz_MSA_clean     -            4.2e-26   86.9   7.1   4.9e-26   86.7   7.1   1.1   1   0   0   1   1   1   1 U-actitoxin-Avd3r (Fragment) OS=Anemonia viridis OX=51769 PE=2 SV=1
sp|P00993|IBP_CARCR       -          kunitz_MSA_clean     -            4.4e-26   86.8   5.1   4.4e-26   86.8   5.1   2.0   2   1   0   2   2   1   1 Chelonianin OS=Caretta caretta OX=8467 PE=1 SV=1
sp|A6MFL1|VKT1_DEMVE      -          kunitz_MSA_clean     -              5e-26   86.6   5.6   5.7e-26   86.5   5.6   1.0   1   0   0   1   1   1   1 Kunitz-type serine protease inhibitor vestiginin-1 OS=Demansia vestigiata OX=412038 PE=2 SV=1
sp|P0DKL8|VKT_VIPRE       -          kunitz_MSA_clean     -            5.1e-26   86.6   8.1   5.6e-26   86.5   8.1   1.0   1   0   0   1   1   1   1 Kunitz-type serine protease inhibitor Vur-KIn OS=Vipera renardi OX=927686 PE=1 SV=1
sp|B2G331|VKT2B_RADCR     -          kunitz_MSA_clean     -            5.3e-26   86.6   5.2   6.4e-26   86.3   5.2   1.1   1   0   0   1   1   1   1 TauPI-stichotoxin-Hcr2b OS=Radianthus crispa OX=3122430 PE=1 SV=1
sp|P24541|VKT_ERIMA       -          kunitz_MSA_clean     -              6e-26   86.4   8.2   6.7e-26   86.2   8.2   1.0   1   0   0   1   1   1   1 Kunitz-type serine protease inhibitor OS=Eristicophis macmahoni OX=110227 PE=1 SV=1
sp|E7FL12|VKT2_PSERS      -          kunitz_MSA_clean     -            6.4e-26   86.3   5.2   7.3e-26   86.1   5.2   1.0   1   0   0   1   1   1   1 Kunitz serine protease inhibitor Pr-mulgin 2 OS=Pseudechis rossignolii OX=1489342 PE=2 SV=1
sp|P0DV06|VKT2P_RADCR     -          kunitz_MSA_clean     -            6.6e-26   86.3   4.4     7e-26   86.2   4.4   1.0   1   0   0   1   1   1   1 PI-stichotoxin-Hcr2p OS=Radianthus crispa OX=3122430 PE=3 SV=1
sp|C0HLA9|MAMB6_DENVI     -          kunitz_MSA_clean     -            6.9e-26   86.2   7.8   7.4e-26   86.1   7.8   1.0   1   0   0   1   1   1   1 Mambaquaretin-6 OS=Dendroaspis viridis OX=8621 PE=1 SV=1
sp|P0DN17|VKTD_ANEVI      -          kunitz_MSA_clean     -            7.4e-26   86.1   7.2   9.2e-26   85.8   7.2   1.1   1   0   0   1   1   1   1 U-actitoxin-Avd3p OS=Anemonia viridis OX=51769 PE=3 SV=1
sp|Q9GP15|IRCPI_IXORI     -          kunitz_MSA_clean     -            7.9e-26   86.0   6.4   9.7e-26   85.7   6.4   1.1   1   0   0   1   1   1   1 Kunitz-type anticoagulant protein Ir-CPI OS=Ixodes ricinus OX=34613 GN=CPI PE=2 SV=1
sp|B5KL31|VKT3_PSEPO      -          kunitz_MSA_clean     -              1e-25   85.7   5.7   1.1e-25   85.5   5.7   1.0   1   0   0   1   1   1   1 Kunitz-type serine protease inhibitor blackelin-3 OS=Pseudechis porphyriacus OX=8671 PE=2 SV=1
sp|B4ESA3|VKT2L_BUNMU     -          kunitz_MSA_clean     -            1.1e-25   85.6   6.5   1.2e-25   85.4   6.5   1.0   1   0   0   1   1   1   1 Kunitz-type serine protease inhibitor PILP-2 OS=Bungarus multicinctus OX=8616 PE=3 SV=1
sp|Q6ITB8|VKT4_PSEAU      -          kunitz_MSA_clean     -            1.1e-25   85.5   5.8   1.3e-25   85.4   5.8   1.0   1   0   0   1   1   1   1 Kunitz-type serine protease inhibitor mulgin-4 OS=Pseudechis australis OX=8670 PE=2 SV=1
sp|P0DN20|VKTG_ANEVI      -          kunitz_MSA_clean     -            1.6e-25   85.1   6.4   1.9e-25   84.8   6.4   1.1   1   0   0   1   1   1   1 U-actitoxin-Avd3s (Fragment) OS=Anemonia viridis OX=51769 PE=2 SV=1
sp|A8Y7N7|VKTC4_DABSI     -          kunitz_MSA_clean     -            1.8e-25   84.9   8.2   2.1e-25   84.6   8.2   1.1   1   0   0   1   1   1   1 Kunitz-type serine protease inhibitor C4 OS=Daboia siamensis OX=343250 PE=2 SV=1
sp|P00976|IBPC_BOVIN      -          kunitz_MSA_clean     -            2.3e-25   84.5   2.9   2.6e-25   84.4   2.9   1.0   1   0   0   1   1   1   1 Colostrum trypsin inhibitor OS=Bos taurus OX=9913 PE=1 SV=2
sp|C1IC53|VKT4_WALAE      -          kunitz_MSA_clean     -            2.6e-25   84.4   8.7   3.2e-25   84.1   8.7   1.1   1   0   0   1   1   1   1 Protease inhibitor 4 OS=Walterinnesia aegyptia OX=64182 PE=1 SV=1
sp|P0DMJ2|VKT3C_ACTEQ     -          kunitz_MSA_clean     -            2.7e-25   84.3   8.0   3.2e-25   84.1   8.0   1.0   1   0   0   1   1   1   1 PI-actitoxin-Aeq3c OS=Actinia equina OX=6106 PE=1 SV=1
sp|P0DN14|VKTA_ANEVI      -          kunitz_MSA_clean     -            2.8e-25   84.3   8.0   3.5e-25   84.0   8.0   1.1   1   0   0   1   1   1   1 U-actitoxin-Avd3m OS=Anemonia viridis OX=51769 PE=3 SV=1
sp|A6MFL2|VKT2_DEMVE      -          kunitz_MSA_clean     -            3.5e-25   84.0   6.6   3.9e-25   83.8   6.6   1.0   1   0   0   1   1   1   1 Kunitz-type serine protease inhibitor vestiginin-2 OS=Demansia vestigiata OX=412038 PE=2 SV=1
sp|E5AJX3|VKT_VIPNI       -          kunitz_MSA_clean     -              4e-25   83.8   9.2   4.7e-25   83.5   9.2   1.1   1   0   0   1   1   1   1 Kunitz-type serine protease inhibitor ki-VN OS=Vipera nikolskii OX=1808362 PE=2 SV=1
sp|P00979|VKTH1_DENPO     -          kunitz_MSA_clean     -            4.1e-25   83.7   6.9   4.6e-25   83.6   6.9   1.0   1   0   0   1   1   1   1 Kunitz-type serine protease inhibitor homolog dendrotoxin I OS=Dendroaspis polylepis polylepis OX=8620 PE=1 SV=2
sp|Q8T3S7|VKT1_ARAVE      -          kunitz_MSA_clean     -            4.2e-25   83.7   6.1   6.5e-25   83.1   6.1   1.3   1   0   0   1   1   1   1 Kunitz-type U1-aranetoxin-Av1a OS=Araneus ventricosus OX=182803 PE=1 SV=2
sp|H6VC06|VKTK2_DABRR     -          kunitz_MSA_clean     -            4.9e-25   83.5   6.6   5.6e-25   83.3   6.6   1.0   1   0   0   1   1   1   1 Kunitz-type serine protease inhibitor DrKIn-II OS=Daboia russelii OX=8707 PE=1 SV=1
sp|B5KL32|VKT3_NOTSC      -          kunitz_MSA_clean     -            5.4e-25   83.3   7.5   6.2e-25   83.2   7.5   1.0   1   0   0   1   1   1   1 Kunitz-type serine protease inhibitor tigerin-3 OS=Notechis scutatus scutatus OX=70142 PE=2 SV=1
sp|B5KL41|VKT4_AUSSU      -          kunitz_MSA_clean     -            7.4e-25   82.9   7.6   8.4e-25   82.7   7.6   1.0   1   0   0   1   1   1   1 Kunitz-type serine protease inhibitor superbin-4 OS=Austrelaps superbus OX=29156 PE=2 SV=1
sp|B2KTG2|VKTH1_BUNFA     -          kunitz_MSA_clean     -            8.3e-25   82.7   7.3   9.4e-25   82.6   7.3   1.0   1   0   0   1   1   1   1 Kunitz-type serine protease inhibitor homolog beta-bungarotoxin BF B1 chain OS=Bungarus fasciatus OX=8613 PE=2 SV=1
sp|A7X3V4|VKT1_TELDH      -          kunitz_MSA_clean     -            1.1e-24   82.3  10.6   1.3e-24   82.1  10.6   1.1   1   0   0   1   1   1   1 Kunitz-type serine protease inhibitor kunitoxin-Tel1 OS=Telescopus dhara OX=338837 PE=2 SV=1
sp|P0DMJ3|VKTI1_ANTFU     -          kunitz_MSA_clean     -            1.3e-24   82.1   7.6   1.4e-24   82.0   7.6   1.0   1   0   0   1   1   1   1 PI-actitoxin-Afv2a OS=Anthopleura fuscoviridis OX=6111 PE=1 SV=1
sp|A8Y7P1|VKTB1_DABSI     -          kunitz_MSA_clean     -            1.4e-24   82.0   6.7   1.6e-24   81.9   6.7   1.0   1   0   0   1   1   1   1 Kunitz-type serine protease inhibitor B1 OS=Daboia siamensis OX=343250 PE=1 SV=1
sp|Q2ES48|VKT3_DABRR      -          kunitz_MSA_clean     -            1.6e-24   81.8   7.4   1.9e-24   81.6   7.4   1.0   1   0   0   1   1   1   1 Kunitz-type serine protease inhibitor 3 OS=Daboia russelii OX=8707 PE=2 SV=1
sp|B1B5I8|VKT3_STIHA      -          kunitz_MSA_clean     -            1.7e-24   81.8   5.9   2.2e-24   81.4   5.9   1.1   1   0   0   1   1   1   1 KappaPI-stichotoxin-Shd2a OS=Stichodactyla haddoni OX=475174 PE=1 SV=1
sp|A8Y7P5|VKTB5_DABSI     -          kunitz_MSA_clean     -            1.8e-24   81.7   6.5   2.1e-24   81.5   6.5   1.1   1   0   0   1   1   1   1 Kunitz-type serine protease inhibitor B5 OS=Daboia siamensis OX=343250 PE=2 SV=1
sp|Q06481|APLP2_HUMAN     -          kunitz_MSA_clean     -              2e-24   81.5   3.2     2e-24   81.5   3.2   2.2   3   0   0   3   3   1   1 Amyloid beta precursor like protein 2 OS=Homo sapiens OX=9606 GN=APLP2 PE=1 SV=2
sp|P15943|APLP2_RAT       -          kunitz_MSA_clean     -            2.1e-24   81.5   3.2   2.1e-24   81.5   3.2   1.9   2   0   0   2   2   1   1 Amyloid beta precursor like protein 2 OS=Rattus norvegicus OX=10116 GN=Aplp2 PE=1 SV=2
sp|P0DN18|VKTE_ANEVI      -          kunitz_MSA_clean     -            2.2e-24   81.4   8.0   2.7e-24   81.1   8.0   1.1   1   0   0   1   1   1   1 U-actitoxin-Avd3q OS=Anemonia viridis OX=51769 PE=3 SV=1
sp|Q29428|TKDP1_SHEEP     -          kunitz_MSA_clean     -            3.3e-24   80.8   5.8   5.4e-24   80.1   5.8   1.3   1   0   0   1   1   1   1 Trophoblast Kunitz domain protein 1 OS=Ovis aries OX=9940 GN=TKDP1 PE=2 SV=1
sp|Q2ES50|VKT1_DABRR      -          kunitz_MSA_clean     -            4.2e-24   80.5   8.9   4.8e-24   80.3   8.9   1.0   1   0   0   1   1   1   1 Kunitz-type serine protease inhibitor 1 OS=Daboia russelii OX=8707 PE=2 SV=1
sp|H2A0N1|KCP2_PINMG      -          kunitz_MSA_clean     -            4.6e-24   80.4  16.6   3.5e-13   45.5   4.0   2.2   2   0   0   2   2   2   2 BPTI/Kunitz domain-containing protein 2 OS=Margaritifera margaritifera OX=102329 PE=1 SV=1
sp|A8Y7P3|VKTB3_DABSI     -          kunitz_MSA_clean     -              5e-24   80.3   7.1   5.6e-24   80.1   7.1   1.0   1   0   0   1   1   1   1 Kunitz-type serine protease inhibitor B3 OS=Daboia siamensis OX=343250 PE=3 SV=1
sp|Q8AY42|VKTB_BUNCA      -          kunitz_MSA_clean     -              7e-24   79.8   9.6   8.2e-24   79.6   9.6   1.1   1   0   0   1   1   1   1 Kunitz-type serine protease inhibitor B OS=Bungarus candidus OX=92438 PE=2 SV=2
sp|D4A2Z2|EPPI_RAT        -          kunitz_MSA_clean     -            8.1e-24   79.6   8.9   2.2e-23   78.2   8.9   1.8   1   0   0   1   1   1   1 Eppin OS=Rattus norvegicus OX=10116 GN=Eppin PE=3 SV=1
sp|Q28201|TKDP1_BOVIN     -          kunitz_MSA_clean     -            8.5e-24   79.5   5.6     2e-23   78.3   5.6   1.7   1   0   0   1   1   1   1 Trophoblast Kunitz domain protein 1 OS=Bos taurus OX=9913 GN=TKDP1 PE=2 SV=2
sp|B4ESA4|VKT3L_BUNMU     -          kunitz_MSA_clean     -            9.4e-24   79.4  10.3   1.1e-23   79.2  10.3   1.0   1   0   0   1   1   1   1 Kunitz-type serine protease inhibitor PILP-3 OS=Bungarus multicinctus OX=8616 PE=3 SV=1
sp|P0C8W3|VKT11_HOFGE     -          kunitz_MSA_clean     -            9.7e-24   79.3   7.6   1.2e-23   79.1   7.6   1.1   1   0   0   1   1   1   1 Kunitz-type serine protease inhibitor Hg1 OS=Hoffmannihadrurus gertschi OX=380989 PE=1 SV=1
sp|P0DQQ9|VKT1_PALCA      -          kunitz_MSA_clean     -              1e-23   79.3   9.3   1.1e-23   79.2   9.3   1.0   1   0   0   1   1   1   1 Kunitz-like toxin PcKuz1 OS=Palythoa caribaeorum OX=134933 PE=3 SV=1
sp|O62845|ELAC_NOTEU      -          kunitz_MSA_clean     -              2e-23   78.3   4.6   3.4e-23   77.6   4.6   1.4   1   0   0   1   1   1   1 Early lactation protein OS=Notamacropus eugenii OX=9315 GN=ELP PE=1 SV=1
sp|P0DQR1|VKT3_PALCA      -          kunitz_MSA_clean     -            3.2e-23   77.7   7.2   3.5e-23   77.5   7.2   1.0   1   0   0   1   1   1   1 Kunitz-like toxin PcKuz3 OS=Palythoa caribaeorum OX=134933 PE=3 SV=1
sp|B5L5Q1|VKT7_PSETT      -          kunitz_MSA_clean     -            4.6e-23   77.2   4.6   5.2e-23   77.0   4.6   1.0   1   0   0   1   1   1   1 Kunitz-type serine protease inhibitor textilinin-7 OS=Pseudonaja textilis textilis OX=169397 PE=3 SV=1
sp|B5KL28|VKT4_OXYMI      -          kunitz_MSA_clean     -            5.1e-23   77.0   4.1   5.8e-23   76.8   4.1   1.0   1   0   0   1   1   1   1 Kunitz-type serine protease inhibitor microlepidin-4 OS=Oxyuranus microlepidotus OX=111177 PE=2 SV=1
sp|Q7T2Q6|VKTHB_BUNFL     -          kunitz_MSA_clean     -            6.2e-23   76.8   9.2     7e-23   76.6   9.2   1.0   1   0   0   1   1   1   1 Kunitz-type serine protease inhibitor homolog beta-bungarotoxin B chain OS=Bungarus flaviceps flaviceps OX=8615 PE=1 SV=1
sp|A7X3V7|VKT1_PHIOL      -          kunitz_MSA_clean     -              9e-23   76.2   6.3   1.1e-22   76.0   6.3   1.1   1   0   0   1   1   1   1 Kunitz-type serine protease inhibitor kunitoxin-Phi1 OS=Philodryas olfersii OX=120305 PE=2 SV=1
sp|P15989|CO6A3_CHICK     -          kunitz_MSA_clean     -            1.1e-22   75.9   4.5   3.2e-22   74.5   4.5   1.7   1   0   0   1   1   1   1 Collagen alpha-3(VI) chain OS=Gallus gallus OX=9031 GN=COL6A3 PE=2 SV=2
sp|Q90W97|VKT5_PSETT      -          kunitz_MSA_clean     -            1.8e-22   75.3   4.8     2e-22   75.1   4.8   1.0   1   0   0   1   1   1   1 Kunitz-type serine protease inhibitor textilinin-5 OS=Pseudonaja textilis textilis OX=169397 PE=2 SV=1
sp|Q0PL65|VKTH7_BUNMU     -          kunitz_MSA_clean     -            1.8e-22   75.2  11.1     2e-22   75.1  11.1   1.0   1   0   0   1   1   1   1 Kunitz-type serine protease inhibitor homolog beta-bungarotoxin B5-B chain OS=Bungarus multicinctus OX=8616 PE=2 SV=1
sp|P16044|IBPI_TACTR      -          kunitz_MSA_clean     -            3.9e-22   74.2   7.9   4.5e-22   74.0   7.9   1.0   1   0   0   1   1   1   1 Proteinase inhibitor OS=Tachypleus tridentatus OX=6853 PE=1 SV=1
sp|P19859|VKTCI_NAJNA     -          kunitz_MSA_clean     -            5.3e-22   73.8   9.5   5.6e-22   73.7   9.5   1.0   1   0   0   1   1   1   1 Kunitz-type serine protease inhibitor OS=Naja naja OX=35670 PE=1 SV=1
sp|P86959|KCP1_PINMA      -          kunitz_MSA_clean     -            6.1e-22   73.6   9.5   1.1e-21   72.8   9.5   1.4   1   0   0   1   1   1   1 BPTI/Kunitz domain-containing protein 1 OS=Pinctada maxima OX=104660 PE=1 SV=1
sp|C8YJ97|KUN5_TABYA      -          kunitz_MSA_clean     -            6.2e-22   73.5   9.5     7e-22   73.4   9.5   1.0   1   0   0   1   1   1   1 Tabkunin 5 OS=Tabanus yao OX=485572 PE=3 SV=1
sp|P49223|SPIT3_HUMAN     -          kunitz_MSA_clean     -            6.6e-22   73.5   9.5     9e-22   73.0   9.5   1.1   1   0   0   1   1   1   1 Kunitz-type protease inhibitor 3 OS=Homo sapiens OX=9606 GN=SPINT3 PE=1 SV=3
sp|Q9DA01|EPPI_MOUSE      -          kunitz_MSA_clean     -            7.3e-22   73.3   9.0   7.3e-22   73.3   9.0   1.8   2   0   0   2   2   1   1 Eppin OS=Mus musculus OX=10090 GN=Eppin PE=1 SV=1
sp|P0DN16|VKTC_ANEVI      -          kunitz_MSA_clean     -            7.4e-22   73.3  11.8   8.9e-22   73.0  11.8   1.1   1   0   0   1   1   1   1 U-actitoxin-Avd3o OS=Anemonia viridis OX=51769 PE=3 SV=1
sp|H2A0M2|KCP1_PINMG      -          kunitz_MSA_clean     -            1.4e-21   72.4  10.1   2.4e-21   71.7  10.1   1.4   1   0   0   1   1   1   1 BPTI/Kunitz domain-containing protein 1 OS=Margaritifera margaritifera OX=102329 PE=1 SV=1
sp|P0DJ49|VKT24_OLIMR     -          kunitz_MSA_clean     -            1.5e-21   72.3   7.3   1.7e-21   72.2   7.3   1.0   1   0   0   1   1   1   1 Kunitz-type serine protease inhibitor BmKTT-1 OS=Olivierus martensii OX=34649 PE=3 SV=1
sp|P00983|MAMB7_DENPO     -          kunitz_MSA_clean     -            1.7e-21   72.1   6.7   1.8e-21   72.1   6.7   1.0   1   0   0   1   1   1   1 Mambaquaretin-7 OS=Dendroaspis polylepis polylepis OX=8620 PE=1 SV=1
sp|D2Y490|VKT1C_CONCL     -          kunitz_MSA_clean     -            1.9e-21   72.0   5.5     2e-21   71.9   5.5   1.0   1   0   0   1   1   1   1 Kunitz-type serine protease inhibitor conotoxin Cal9.1c (Fragment) OS=Californiconus californicus OX=1736779 PE=2 SV=1
sp|G3LH89|VKT_BOMIG       -          kunitz_MSA_clean     -            2.5e-21   71.6   4.9     3e-21   71.3   4.9   1.1   1   0   0   1   1   1   1 Kunitz-type serine protease inhibitor Bi-KTI OS=Bombus ignitus OX=130704 PE=3 SV=1
sp|P16344|VKT2A_RADCR     -          kunitz_MSA_clean     -            2.6e-21   71.6   2.4   2.9e-21   71.4   2.4   1.0   1   0   0   1   1   1   1 PI-stichotoxin-Hcr2a OS=Radianthus crispa OX=3122430 PE=1 SV=1
sp|D2Y488|VKT1A_CONCL     -          kunitz_MSA_clean     -              3e-21   71.4   4.6   3.5e-21   71.1   4.6   1.1   1   0   0   1   1   1   1 Kunitz-type serine protease inhibitor conotoxin Cal9.1a OS=Californiconus californicus OX=1736779 PE=3 SV=1
sp|P0CY85|VKTB1_CONBU     -          kunitz_MSA_clean     -            8.4e-21   69.9   5.1     1e-20   69.6   5.1   1.1   1   0   0   1   1   1   1 Kunitz-type conkunitzin-B1 OS=Conus bullatus OX=89438 PE=3 SV=1
sp|Q1RPS9|VKTH5_BUNMU     -          kunitz_MSA_clean     -            1.1e-20   69.6  11.0   1.3e-20   69.3  11.0   1.1   1   0   0   1   1   1   1 Kunitz-type serine protease inhibitor homolog beta-bungarotoxin B5 chain OS=Bungarus multicinctus OX=8616 PE=3 SV=1
sp|P0DJ47|VKT12_OLIMR     -          kunitz_MSA_clean     -            1.7e-20   68.9  11.5     2e-20   68.7  11.5   1.0   1   0   0   1   1   1   1 Kunitz-type serine protease inhibitor BmKTT-3 OS=Olivierus martensii OX=34649 PE=3 SV=1
sp|Q1RPS8|VKTH6_BUNMU     -          kunitz_MSA_clean     -            2.4e-20   68.4  10.2   2.9e-20   68.2  10.2   1.1   1   0   0   1   1   1   1 Kunitz-type serine protease inhibitor homolog beta-bungarotoxin B6 chain OS=Bungarus multicinctus OX=8616 PE=3 SV=1
sp|P0DJ76|VKT4_CYRSC      -          kunitz_MSA_clean     -            2.9e-20   68.2   8.1   3.9e-20   67.8   8.1   1.1   1   0   0   1   1   1   1 Kunitz-type kappaPI-theraphotoxin-Hs1e OS=Cyriopagopus schmidti OX=29017 PE=3 SV=1
sp|P0DJ66|VKT17_CYRHA     -          kunitz_MSA_clean     -              3e-20   68.2   9.6   4.5e-20   67.6   9.6   1.3   1   0   0   1   1   1   1 Kunitz-type serine protease inhibitor HNTX-03141017 (Fragment) OS=Cyriopagopus hainanus OX=209901 PE=2 SV=1
sp|Q8T0W4|VKT2_PIMHY      -          kunitz_MSA_clean     -            4.6e-20   67.6   3.1   5.9e-20   67.2   3.1   1.2   1   0   0   1   1   1   1 Kunitz-type serine protease inhibitor cvp2 OS=Pimpla hypochondriaca OX=135724 PE=1 SV=1
sp|P86964|KCP3_PINMA      -          kunitz_MSA_clean     -            5.9e-20   67.2  27.8   2.2e-10   36.6  10.6   2.2   1   1   1   2   2   2   2 BPTI/Kunitz domain-containing protein 3 OS=Pinctada maxima OX=104660 PE=1 SV=1
sp|P11424|IMAP_DROFU      -          kunitz_MSA_clean     -            8.1e-20   66.8   3.4     9e-20   66.6   3.4   1.1   1   0   0   1   1   1   1 Male accessory gland serine protease inhibitor OS=Drosophila funebris OX=7221 GN=PapD PE=1 SV=1
sp|Q9EPX2|PPN_MOUSE       -          kunitz_MSA_clean     -            1.2e-19   66.2   5.9   6.3e-19   63.9   5.9   2.3   1   0   0   1   1   1   1 Papilin OS=Mus musculus OX=10090 GN=Papln PE=2 SV=2
sp|D2Y2Q9|VKTR1_CYRHA     -          kunitz_MSA_clean     -            2.3e-19   65.3   7.2   2.8e-19   65.1   7.2   1.1   1   0   0   1   1   1   1 Kunitz-type U15-theraphotoxin-Hhn1r OS=Cyriopagopus hainanus OX=209901 PE=3 SV=1
sp|D2Y2Q2|VKTM1_CYRHA     -          kunitz_MSA_clean     -            2.3e-19   65.3   6.3   3.1e-19   64.9   6.3   1.1   1   0   0   1   1   1   1 Kunitz-type U15-theraphotoxin-Hhn1m OS=Cyriopagopus hainanus OX=209901 PE=3 SV=1
sp|P0DMJ1|VKT39_CYRSC     -          kunitz_MSA_clean     -            2.4e-19   65.3   4.4   2.9e-19   65.0   4.4   1.1   1   0   0   1   1   1   1 Kunitz-type U15-theraphotoxin-Hs1g OS=Cyriopagopus schmidti OX=29017 PE=3 SV=1
sp|P0DJ84|VKT40_CYRSC     -          kunitz_MSA_clean     -            2.4e-19   65.3   6.4   3.2e-19   64.9   6.4   1.1   1   0   0   1   1   1   1 Kunitz-type kappaPI-theraphotoxin-Hs1d OS=Cyriopagopus schmidti OX=29017 PE=3 SV=1
sp|P81906|ISPI2_GALME     -          kunitz_MSA_clean     -            2.6e-19   65.1   1.1   2.9e-19   65.0   1.1   1.0   1   0   0   1   1   1   1 Inducible serine protease inhibitor 2 (Fragment) OS=Galleria mellonella OX=7137 PE=1 SV=1
sp|D2Y2Q8|VKTQ1_CYRHA     -          kunitz_MSA_clean     -            3.3e-19   64.8   6.1   4.4e-19   64.4   6.1   1.1   1   0   0   1   1   1   1 Kunitz-type U15-theraphotoxin-Hhn1q OS=Cyriopagopus hainanus OX=209901 PE=3 SV=1
sp|D2Y2Q1|VKTL1_CYRHA     -          kunitz_MSA_clean     -            8.4e-19   63.5   6.8   1.1e-18   63.1   6.8   1.1   1   0   0   1   1   1   1 Kunitz-type U15-theraphotoxin-Hhn1l OS=Cyriopagopus hainanus OX=209901 PE=3 SV=1
sp|O73683|A4_DICFU        -          kunitz_MSA_clean     -            1.3e-18   62.9   1.0   2.5e-18   62.0   1.0   1.5   1   0   0   1   1   1   1 Amyloid-beta A4 protein OS=Dichotomyctere fluviatilis OX=2593188 GN=app PE=2 SV=1
sp|D2Y2Q5|VKTN1_CYRHA     -          kunitz_MSA_clean     -            1.5e-18   62.7   6.4     2e-18   62.3   6.4   1.1   1   0   0   1   1   1   1 Kunitz-type U15-theraphotoxin-Hhn1n OS=Cyriopagopus hainanus OX=209901 PE=3 SV=1
sp|Q9D263|SPIT4_MOUSE     -          kunitz_MSA_clean     -              2e-18   62.3   4.8   2.8e-18   61.9   4.8   1.2   1   0   0   1   1   1   1 Kunitz-type protease inhibitor 4 OS=Mus musculus OX=10090 GN=Spint4 PE=2 SV=1
sp|P00987|VKTH1_BUNMU     -          kunitz_MSA_clean     -            2.4e-18   62.1   8.6   2.8e-18   61.8   8.6   1.1   1   0   0   1   1   1   1 Kunitz-type serine protease inhibitor homolog beta-bungarotoxin B1 chain, major component OS=Bungarus multicinctus OX=8616 PE=1 SV=2
sp|D2Y2Q6|VKTO1_CYRHA     -          kunitz_MSA_clean     -              6e-18   60.8   4.5     8e-18   60.4   4.5   1.1   1   0   0   1   1   1   1 Kunitz-type U15-theraphotoxin-Hhn1o OS=Cyriopagopus hainanus OX=209901 PE=3 SV=1
sp|P0DJ79|VKT13_CYRSC     -          kunitz_MSA_clean     -            6.4e-18   60.7   3.2   7.8e-18   60.4   3.2   1.1   1   0   0   1   1   1   1 Kunitz-type U15-theraphotoxin-Hs1d OS=Cyriopagopus schmidti OX=29017 PE=3 SV=1
sp|P0DJ85|VKT45_CYRSC     -          kunitz_MSA_clean     -            6.6e-18   60.7   2.0     8e-18   60.4   2.0   1.1   1   0   0   1   1   1   1 Kunitz-type U15-theraphotoxin-Hs1f OS=Cyriopagopus schmidti OX=29017 PE=3 SV=1
sp|Q02388|CO7A1_HUMAN     -          kunitz_MSA_clean     -            7.2e-18   60.5   1.5   1.2e-17   59.9   1.5   1.3   1   0   0   1   1   1   1 Collagen alpha-1(VII) chain OS=Homo sapiens OX=9606 GN=COL7A1 PE=1 SV=2
sp|D2Y2C2|VKTA1_CYRHA     -          kunitz_MSA_clean     -            1.3e-17   59.7   3.7   1.6e-17   59.4   3.7   1.1   1   0   0   1   1   1   1 Kunitz-type U15-theraphotoxin-Hhn1a OS=Cyriopagopus hainanus OX=209901 PE=3 SV=1
sp|P0DJ70|VKT53_CYRHA     -          kunitz_MSA_clean     -            1.3e-17   59.7   3.7   1.6e-17   59.4   3.7   1.1   1   0   0   1   1   1   1 Kunitz-type U15-theraphotoxin-Hhn1a OS=Cyriopagopus hainanus OX=209901 PE=3 SV=1
sp|D2Y2F8|VKTG1_CYRHA     -          kunitz_MSA_clean     -            1.6e-17   59.4   3.6   1.9e-17   59.1   3.6   1.1   1   0   0   1   1   1   1 Kunitz-type U15-theraphotoxin-Hhn1g OS=Cyriopagopus hainanus OX=209901 PE=3 SV=1
sp|D2Y2F6|VKTE1_CYRHA     -          kunitz_MSA_clean     -            1.7e-17   59.4   3.9     2e-17   59.1   3.9   1.1   1   0   0   1   1   1   1 Kunitz-type U15-theraphotoxin-Hhn1e OS=Cyriopagopus hainanus OX=209901 PE=3 SV=1
sp|P0DJ71|VKT35_CYRHA     -          kunitz_MSA_clean     -            2.2e-17   59.0   4.8   2.7e-17   58.7   4.8   1.1   1   0   0   1   1   1   1 Kunitz-type U15-theraphotoxin-Hhn1d OS=Cyriopagopus hainanus OX=209901 PE=3 SV=1
sp|P0DJ69|VKT52_CYRHA     -          kunitz_MSA_clean     -            2.2e-17   59.0   4.9   2.8e-17   58.6   4.9   1.1   1   0   0   1   1   1   1 Kunitz-type serine protease inhibitor HNTX-852 (Fragment) OS=Cyriopagopus hainanus OX=209901 PE=2 SV=1
sp|P0DJ74|VKT76_CYRHA     -          kunitz_MSA_clean     -            2.2e-17   59.0   4.9   2.8e-17   58.6   4.9   1.1   1   0   0   1   1   1   1 Kunitz-type serine protease inhibitor HNTX-0109076 (Fragment) OS=Cyriopagopus hainanus OX=209901 PE=2 SV=1
sp|B2ZBB9|VKTG6_CYRSC     -          kunitz_MSA_clean     -            2.7e-17   58.7   4.5   3.3e-17   58.4   4.5   1.1   1   0   0   1   1   1   1 Kunitz-type U15-theraphotoxin-Hs1b OS=Cyriopagopus schmidti OX=29017 PE=3 SV=1
sp|Q2UY09|COSA1_HUMAN     -          kunitz_MSA_clean     -            5.9e-17   57.6   6.4     1e-16   56.8   6.4   1.4   1   0   0   1   1   1   1 Collagen alpha-1(XXVIII) chain OS=Homo sapiens OX=9606 GN=COL28A1 PE=1 SV=2
sp|P0DJ64|VKT31_CYRHA     -          kunitz_MSA_clean     -            6.3e-17   57.5   3.5   7.7e-17   57.2   3.5   1.1   1   0   0   1   1   1   1 U15-Kunitz-type theraphotoxin-Hhn1b OS=Cyriopagopus hainanus OX=209901 PE=3 SV=1
sp|D2Y2F7|VKTF1_CYRHA     -          kunitz_MSA_clean     -            8.5e-17   57.1   5.0   1.1e-16   56.7   5.0   1.1   1   0   0   1   1   1   1 Kunitz-type U15-theraphotoxin-Hhn1f OS=Cyriopagopus hainanus OX=209901 PE=3 SV=1
sp|Q8MVC4|TFPIL_IXOSC     -          kunitz_MSA_clean     -            8.6e-17   57.1  36.8   4.8e-07   25.9   0.8   6.1   5   2   1   6   6   4   3 Penthalaris OS=Ixodes scapularis OX=6945 PE=1 SV=1
sp|P0DJ65|VKT7_CYRHA      -          kunitz_MSA_clean     -            1.5e-16   56.3   4.1   1.8e-16   56.0   4.1   1.1   1   0   0   1   1   1   1 Kunitz-type U15-theraphotoxin-Hhn1h OS=Cyriopagopus hainanus OX=209901 PE=3 SV=1
sp|P0DJ68|VKT45_CYRHA     -          kunitz_MSA_clean     -            2.1e-15   52.6   4.6   2.6e-15   52.4   4.6   1.1   1   0   0   1   1   1   1 Kunitz-type U15-theraphotoxin-Hhn1k OS=Cyriopagopus hainanus OX=209901 PE=3 SV=1
sp|D2Y2G0|VKTI1_CYRHA     -          kunitz_MSA_clean     -            2.3e-15   52.5   3.9   2.9e-15   52.2   3.9   1.1   1   0   0   1   1   1   1 Kunitz-type U15-theraphotoxin-Hhn1i OS=Cyriopagopus hainanus OX=209901 PE=3 SV=1
sp|Q2ES49|VKT2_DABRR      -          kunitz_MSA_clean     -            5.6e-13   44.9   6.4   6.9e-13   44.6   6.4   1.1   1   0   0   1   1   1   1 Kunitz-type serine protease inhibitor 2 OS=Daboia russelii OX=8707 PE=2 SV=1
sp|Q09JW6|KUNI_ARGMO      -          kunitz_MSA_clean     -            7.4e-13   44.5  13.0     7e-11   38.1   4.2   3.1   3   0   0   3   3   3   2 Monobin OS=Argas monolakensis OX=34602 GN=AM-28 PE=1 SV=1
sp|P0CAR0|VKTG1_MICPY     -          kunitz_MSA_clean     -            7.9e-12   41.2   1.2     8e-12   41.2   1.2   1.0   1   0   0   1   1   1   1 Kunitz-type serine protease inhibitor G1 (Fragment) OS=Micrurus pyrrhocryptus OX=129468 PE=1 SV=1
sp|P0CH75|VKT25_CYRHA     -          kunitz_MSA_clean     -            1.5e-10   37.1   1.0   1.6e-10   37.0   1.0   1.1   1   0   0   1   1   1   1 Kunitz-type serine protease inhibitor hainantoxin F7-25.66 (Fragment) OS=Cyriopagopus hainanus OX=209901 PE=1 SV=1
sp|Q9BQY6|WFDC6_HUMAN     -          kunitz_MSA_clean     -            1.6e-10   37.0   2.4   1.6e-10   37.0   2.4   1.7   2   0   0   2   2   1   1 WAP four-disulfide core domain protein 6 OS=Homo sapiens OX=9606 GN=WFDC6 PE=1 SV=1
sp|Q11101|YL15_CAEEL      -          kunitz_MSA_clean     -            3.5e-07   26.3   6.7     1e-06   24.8   6.7   1.9   1   0   0   1   1   1   1 BPTI/Kunitz inhibitor domain-containing protein C02F12.5 OS=Caenorhabditis elegans OX=6239 GN=C02F12.5 PE=1 SV=3
sp|P86963|KCP2_PINMA      -          kunitz_MSA_clean     -            3.9e-07   26.1  13.5   1.8e-06   24.0   9.4   3.5   2   1   1   3   3   2   1 BPTI/Kunitz domain-containing protein 2 OS=Pinctada maxima OX=104660 PE=1 SV=1
sp|O62247|BLI5_CAEEL      -          kunitz_MSA_clean     -            0.00046   16.3   0.4    0.0014   14.7   0.4   2.0   1   0   0   1   1   1   1 Kunitz-type protein bli-5 OS=Caenorhabditis elegans OX=6239 GN=bli-5 PE=1 SV=1
#
# Program:         hmmsearch
# Version:         3.3.2 (Nov 2020)
# Pipeline mode:   SEARCH
# Query file:      kunitz.hmm
# Target file:     pos_1.fasta
# Option settings: hmmsearch --tblout pos_1.out --max -Z 1000 kunitz.hmm pos_1.fasta 
# Current dir:     /mnt/c/Users/nello/Desktop/Project_Lab_Redo
# Date:            Thu Dec  4 00:55:05 2025
# [ok]
