#                                                                    --- full sequence ---- --- best 1 domain ---- --- domain number estimation ----
# target name             accession  query name           accession    E-value  score  bias   E-value  score  bias   exp reg clu  ov env dom rep inc description of target
#     ------------------- ---------- -------------------- ---------- --------- ------ ----- --------- ------ -----   --- --- --- --- --- --- --- --- ---------------------
sp|Q868Z9|PPN_DROME       -          kunitz_MSA_clean     -           1.1e-196  633.2 183.2   7.8e-20   66.8   6.1  14.2  13   1   1  14  14  12  12 Papilin OS=Drosophila melanogaster OX=7227 GN=Ppn PE=1 SV=2
sp|O76840|PPN1_CAEEL      -          kunitz_MSA_clean     -           8.4e-183  588.7 148.5   2.2e-20   68.6   4.7  13.5  12   1   1  13  13  11  11 Papilin OS=Caenorhabditis elegans OX=6239 GN=mig-6 PE=1 SV=1
sp|O54819|TFPI1_MOUSE     -          kunitz_MSA_clean     -            3.5e-69  224.8  38.8   3.2e-25   84.1   5.3   3.1   3   0   0   3   3   3   3 Tissue factor pathway inhibitor OS=Mus musculus OX=10090 GN=Tfpi PE=2 SV=1
sp|Q03610|YN81_CAEEL      -          kunitz_MSA_clean     -            3.3e-62  202.5  64.4   1.8e-17   59.3   8.6   6.1   5   0   0   5   5   5   5 Uncharacterized protein ZC84.1 OS=Caenorhabditis elegans OX=6239 GN=ZC84.1 PE=3 SV=6
sp|Q7YRQ8|TFPI2_BOVIN     -          kunitz_MSA_clean     -            2.2e-58  190.3  34.0   7.5e-27   89.3   5.7   3.1   3   0   0   3   3   3   3 Tissue factor pathway inhibitor 2 OS=Bos taurus OX=9913 GN=TFPI2 PE=2 SV=1
sp|P86733|KCP_HALAI       -          kunitz_MSA_clean     -            6.4e-49  160.0  20.9   2.8e-25   84.2   6.2   2.0   2   0   0   2   2   2   2 BPTI/Kunitz domain-containing protein (Fragment) OS=Haliotis asinina OX=109174 PE=1 SV=1
sp|O35536|TFPI2_MOUSE     -          kunitz_MSA_clean     -            1.1e-48  159.3  25.5   9.7e-24   79.3   3.3   3.1   3   0   0   3   3   3   3 Tissue factor pathway inhibitor 2 OS=Mus musculus OX=10090 GN=Tfpi2 PE=2 SV=1
sp|Q8WPI3|KUNIG_RHIMP     -          kunitz_MSA_clean     -              6e-46  150.5  22.6   7.8e-26   86.0   7.6   2.1   2   0   0   2   2   2   2 Boophilin-G2 OS=Rhipicephalus microplus OX=6941 PE=1 SV=1
sp|B6ZIW0|KUN_HAELO       -          kunitz_MSA_clean     -            1.8e-45  148.9  28.4   1.5e-26   88.3   8.1   2.1   2   0   0   2   2   2   2 Thrombin inhibitor hemalin OS=Haemaphysalis longicornis OX=44386 PE=2 SV=1
sp|Q9WU03|SPIT2_MOUSE     -          kunitz_MSA_clean     -            1.2e-44  146.3  18.1   2.6e-24   81.2   3.1   2.2   2   0   0   2   2   2   2 Kunitz-type protease inhibitor 2 OS=Mus musculus OX=10090 GN=Spint2 PE=1 SV=1
sp|P04365|IATR_HORSE      -          kunitz_MSA_clean     -            6.1e-43  140.8  19.5   2.4e-22   74.8   5.9   2.0   1   1   1   2   2   2   2 Inter-alpha-trypsin inhibitor (Fragment) OS=Equus caballus OX=9796 PE=1 SV=2
sp|Q60559|AMBP_MESAU      -          kunitz_MSA_clean     -            7.5e-40  130.9  21.7   4.9e-21   70.7   6.2   2.3   1   1   1   2   2   2   2 Protein AMBP OS=Mesocricetus auratus OX=10036 GN=AMBP PE=1 SV=1
sp|B2BS84|VKT_AUSLA       -          kunitz_MSA_clean     -            1.3e-39  130.1  19.4   1.8e-20   68.9   5.6   2.2   2   0   0   2   2   2   2 Putative Kunitz-type serine protease inhibitor OS=Austrelaps labialis OX=471292 PE=2 SV=1
sp|P62756|IATR_CAPHI      -          kunitz_MSA_clean     -            1.5e-39  130.0  23.2   2.2e-21   71.8   5.5   2.0   1   1   1   2   2   2   2 Inter-alpha-trypsin inhibitor (Fragment) OS=Capra hircus OX=9925 PE=1 SV=1
sp|Q62577|AMBP_MERUN      -          kunitz_MSA_clean     -            4.3e-39  128.5  20.9   4.5e-21   70.8   7.4   2.3   1   1   1   2   2   2   2 Protein AMBP OS=Meriones unguiculatus OX=10047 GN=AMBP PE=2 SV=1
sp|Q07456|AMBP_MOUSE      -          kunitz_MSA_clean     -            1.7e-38  126.6  22.8   6.8e-21   70.2   7.1   2.4   1   1   1   2   2   2   2 Protein AMBP OS=Mus musculus OX=10090 GN=Ambp PE=1 SV=2
sp|P04366|AMBP_PIG        -          kunitz_MSA_clean     -            2.5e-38  126.1  21.2   5.6e-20   67.3   6.4   2.5   1   1   1   2   2   2   2 Protein AMBP (Fragment) OS=Sus scrofa OX=9823 GN=AMBP PE=1 SV=2
sp|P83609|BMTIA_RHIMP     -          kunitz_MSA_clean     -            4.6e-38  125.2  18.4   1.8e-20   68.8   2.5   2.0   2   0   0   2   2   2   2 Kunitz-type serine protease inhibitor A (Fragment) OS=Rhipicephalus microplus OX=6941 PE=1 SV=2
sp|Q7TQN3|WFKN2_MOUSE     -          kunitz_MSA_clean     -            4.8e-37  121.9  10.9   5.4e-24   80.1   2.0   3.0   2   0   0   2   2   2   2 WAP, Kazal, immunoglobulin, Kunitz and NTR domain-containing protein 2 OS=Mus musculus OX=10090 GN=Wfikkn2 PE=1 SV=2
sp|Q6NUX0|WFKN_DANRE      -          kunitz_MSA_clean     -            6.3e-33  108.7  15.8   5.3e-20   67.4   3.4   2.8   2   0   0   2   2   2   2 WAP, Kazal, immunoglobulin, Kunitz and NTR domain-containing protein OS=Danio rerio OX=7955 GN=wfikkn PE=2 SV=1
sp|A0A1D0BND9|TD1A_HADIN  -          kunitz_MSA_clean     -            3.9e-29   96.6  23.2   2.2e-15   52.6  11.1   2.1   2   0   0   2   2   2   2 U13-hexatoxin-Hi1a OS=Hadronyche infensa OX=153481 PE=2 SV=1
sp|Q90WA0|VKT2_PSETT      -          kunitz_MSA_clean     -            4.3e-29   96.5   3.1   4.8e-29   96.3   3.1   1.0   1   0   0   1   1   1   1 Kunitz-type serine protease inhibitor textilinin-2 OS=Pseudonaja textilis textilis OX=169397 PE=1 SV=1
sp|P0DMJ6|VKT12_DENAN     -          kunitz_MSA_clean     -            1.9e-28   94.4   6.2     2e-28   94.3   6.2   1.0   1   0   0   1   1   1   1 Kunitz-type serine protease inhibitor dendrotoxin DaE1 OS=Dendroaspis angusticeps OX=8618 PE=1 SV=1
sp|C0HLB2|VKT_PSEPC       -          kunitz_MSA_clean     -            3.8e-28   93.5   6.9   4.2e-28   93.3   6.9   1.0   1   0   0   1   1   1   1 Kunitz-type serine protease inhibitor PPTI OS=Pseudocerastes persicus OX=47769 PE=1 SV=1
sp|P0DV05|VKT2O_RADCR     -          kunitz_MSA_clean     -            3.8e-28   93.5   3.3     4e-28   93.4   3.3   1.0   1   0   0   1   1   1   1 PI-stichotoxin-Hcr2o OS=Radianthus crispa OX=3122430 PE=3 SV=1
sp|Q6T6T5|VKT1_BITGA      -          kunitz_MSA_clean     -            3.8e-28   93.4   8.7   4.4e-28   93.2   8.7   1.1   1   0   0   1   1   1   1 Kunitz-type serine protease inhibitor bitisilin-1 OS=Bitis gabonica OX=8694 PE=1 SV=1
sp|Q7LZE3|VKTHE_DENAN     -          kunitz_MSA_clean     -            4.8e-28   93.1   5.9     5e-28   93.1   5.9   1.0   1   0   0   1   1   1   1 Kunitz-type serine protease inhibitor long epsilon-dendrotoxin His55 OS=Dendroaspis angusticeps OX=8618 PE=1 SV=2
sp|P0DMW6|VKT3A_ACTEQ     -          kunitz_MSA_clean     -              6e-28   92.8  10.1   6.3e-28   92.7  10.1   1.0   1   0   0   1   1   1   1 PI-actitoxin-Aeq3a OS=Actinia equina OX=6106 PE=1 SV=1
sp|P04815|BPT2_BOVIN      -          kunitz_MSA_clean     -              7e-28   92.6   8.2   9.3e-28   92.2   8.2   1.2   1   0   0   1   1   1   1 Spleen trypsin inhibitor I OS=Bos taurus OX=9913 PE=1 SV=2
sp|B5KL39|VKT2_AUSSU      -          kunitz_MSA_clean     -            1.1e-27   92.0   5.1   1.2e-27   91.8   5.1   1.0   1   0   0   1   1   1   1 Kunitz-type serine protease inhibitor superbin-2 OS=Austrelaps superbus OX=29156 PE=2 SV=1
sp|Q9TWG0|VKT1_ANESU      -          kunitz_MSA_clean     -            1.2e-27   91.9   5.4   1.4e-27   91.6   5.4   1.0   1   0   0   1   1   1   1 KappaPI-actitoxin-Avd3b OS=Anemonia sulcata OX=6108 PE=1 SV=1
sp|C0HJU7|VKT2G_RADCR     -          kunitz_MSA_clean     -            1.6e-27   91.5   4.1   1.7e-27   91.4   4.1   1.0   1   0   0   1   1   1   1 PI-stichotoxin-Hcr2g OS=Radianthus crispa OX=3122430 PE=1 SV=1
sp|P0DMJ5|VKT2E_RADCR     -          kunitz_MSA_clean     -            1.8e-27   91.3   4.2   2.2e-27   91.0   4.2   1.1   1   0   0   1   1   1   1 PI-stichotoxin-Hcr2e OS=Radianthus crispa OX=3122430 PE=1 SV=1
sp|Q6ITB0|VKT1_TROCA      -          kunitz_MSA_clean     -            2.1e-27   91.0   6.4   2.4e-27   90.9   6.4   1.0   1   0   0   1   1   1   1 Kunitz-type serine protease inhibitor carinatin-1 OS=Tropidechis carinatus OX=100989 PE=2 SV=1
sp|Q6ITB1|VKT_PSEPO       -          kunitz_MSA_clean     -            2.1e-27   91.0   6.4   2.4e-27   90.9   6.4   1.0   1   0   0   1   1   1   1 Kunitz-type serine protease inhibitor blackelin OS=Pseudechis porphyriacus OX=8671 PE=2 SV=1
sp|P10280|VKT52_ANESU     -          kunitz_MSA_clean     -            2.2e-27   91.0   6.9   2.4e-27   90.9   6.9   1.0   1   0   0   1   1   1   1 KappaPI-actitoxin-Avd3a OS=Anemonia sulcata OX=6108 PE=1 SV=2
sp|P0DV04|VKT2N_RADCR     -          kunitz_MSA_clean     -            2.2e-27   91.0   5.5   2.4e-27   90.9   5.5   1.0   1   0   0   1   1   1   1 PI-stichotoxin-Hcr2n OS=Radianthus crispa OX=3122430 PE=3 SV=1
sp|B5G6G6|VKT2_PSEPO      -          kunitz_MSA_clean     -            2.3e-27   91.0   6.7   2.6e-27   90.8   6.7   1.0   1   0   0   1   1   1   1 Kunitz-type serine protease inhibitor blackelin-2 OS=Pseudechis porphyriacus OX=8671 PE=2 SV=1
sp|Q90W99|VKT3_PSETT      -          kunitz_MSA_clean     -            2.8e-27   90.7   7.9   3.1e-27   90.5   7.9   1.0   1   0   0   1   1   1   1 Kunitz-type serine protease inhibitor textilinin-3 OS=Pseudonaja textilis textilis OX=169397 PE=2 SV=1
sp|P00982|VKTHD_DENAN     -          kunitz_MSA_clean     -            3.1e-27   90.5   7.0   3.3e-27   90.4   7.0   1.0   1   0   0   1   1   1   1 Kunitz-type serine protease inhibitor homolog delta-dendrotoxin OS=Dendroaspis angusticeps OX=8618 PE=1 SV=1
sp|C1IC50|VKT1_WALAE      -          kunitz_MSA_clean     -            4.4e-27   90.0   5.5     5e-27   89.9   5.5   1.0   1   0   0   1   1   1   1 Protease inhibitor 1 OS=Walterinnesia aegyptia OX=64182 PE=1 SV=1
sp|C0HLA6|MAMB3_DENPO     -          kunitz_MSA_clean     -            5.2e-27   89.8  10.0   5.5e-27   89.7  10.0   1.0   1   0   0   1   1   1   1 Mambaquaretin-3 OS=Dendroaspis polylepis polylepis OX=8620 PE=1 SV=1
sp|B5L5R7|VKT2_HOPST      -          kunitz_MSA_clean     -            5.3e-27   89.8   8.1   5.9e-27   89.6   8.1   1.0   1   0   0   1   1   1   1 Kunitz-type serine protease inhibitor stephenin-2 OS=Hoplocephalus stephensii OX=196418 PE=3 SV=1
sp|B5KL40|VKT3_AUSSU      -          kunitz_MSA_clean     -            5.6e-27   89.7   7.3   6.4e-27   89.5   7.3   1.0   1   0   0   1   1   1   1 Kunitz-type serine protease inhibitor superbin-3 OS=Austrelaps superbus OX=29156 PE=2 SV=1
sp|A0A1Z0YU59|MAMB1_DENAN -          kunitz_MSA_clean     -            9.2e-27   89.0   9.9   9.9e-27   88.9   9.9   1.0   1   0   0   1   1   1   1 Mambaquaretin-1 OS=Dendroaspis angusticeps OX=8618 PE=1 SV=2
sp|C0HJF4|VKT2C_RADCR     -          kunitz_MSA_clean     -            9.6e-27   88.9   5.3     1e-26   88.9   5.3   1.0   1   0   0   1   1   1   1 TauPI-stichotoxin-Hcr2c OS=Radianthus crispa OX=3122430 PE=1 SV=1
sp|Q6ITC0|VKT2_PSEAU      -          kunitz_MSA_clean     -              1e-26   88.9   5.3   1.2e-26   88.7   5.3   1.0   1   0   0   1   1   1   1 Kunitz-type serine protease inhibitor mulgin-2 OS=Pseudechis australis OX=8670 PE=2 SV=1
sp|P86862|VKT1_ANTEL      -          kunitz_MSA_clean     -            1.4e-26   88.5   8.8   1.5e-26   88.3   8.8   1.0   1   0   0   1   1   1   1 KappaPI-actitoxin-Ael3a OS=Anthopleura elegantissima OX=6110 PE=1 SV=1
sp|A8Y7N9|VKTC6_DABSI     -          kunitz_MSA_clean     -            1.6e-26   88.3   8.9   1.9e-26   88.0   8.9   1.1   1   0   0   1   1   1   1 Kunitz-type serine protease inhibitor C6 OS=Daboia siamensis OX=343250 PE=2 SV=1
sp|C1IC52|VKT2_WALAE      -          kunitz_MSA_clean     -            1.8e-26   88.1   5.4     2e-26   87.9   5.4   1.1   1   0   0   1   1   1   1 Kunitz-type serine protease inhibitor spermatin OS=Walterinnesia aegyptia OX=64182 PE=1 SV=1
sp|Q9TWF9|VKT2_ANESU      -          kunitz_MSA_clean     -            2.1e-26   87.9   6.3   2.4e-26   87.7   6.3   1.0   1   0   0   1   1   1   1 KappaPI-actitoxin-Avd3c OS=Anemonia sulcata OX=6108 PE=1 SV=1
sp|P0DN13|VKT9_ANEVI      -          kunitz_MSA_clean     -            2.8e-26   87.4   6.9   3.4e-26   87.2   6.9   1.1   1   0   0   1   1   1   1 U-actitoxin-Avd3l OS=Anemonia viridis OX=51769 PE=3 SV=1
sp|C1IC51|VKT3_WALAE      -          kunitz_MSA_clean     -              3e-26   87.4   4.9   3.5e-26   87.2   4.9   1.1   1   0   0   1   1   1   1 Protease inhibitor 3 OS=Walterinnesia aegyptia OX=64182 PE=3 SV=1
sp|P00994|ISIK_HELPO      -          kunitz_MSA_clean     -            3.1e-26   87.3   9.8   3.3e-26   87.2   9.8   1.0   1   0   0   1   1   1   1 Isoinhibitor K OS=Helix pomatia OX=6536 PE=1 SV=1
sp|A6MFL4|VKT4_DEMVE      -          kunitz_MSA_clean     -            3.2e-26   87.3   7.5   3.6e-26   87.1   7.5   1.0   1   0   0   1   1   1   1 Kunitz-type serine protease inhibitor vestiginin-4 OS=Demansia vestigiata OX=412038 PE=2 SV=1
sp|F8J2F4|VKT16_DRYCN     -          kunitz_MSA_clean     -            3.2e-26   87.3   6.4   3.6e-26   87.1   6.4   1.0   1   0   0   1   1   1   1 Kunitz-type serine protease inhibitor 161 OS=Drysdalia coronoides OX=66186 PE=1 SV=1
sp|Q9TWF8|VKT3_ANESU      -          kunitz_MSA_clean     -            3.4e-26   87.2   6.8   3.7e-26   87.1   6.8   1.0   1   0   0   1   1   1   1 KappaPI-actitoxin-Avd3d OS=Anemonia sulcata OX=6108 PE=1 SV=1
sp|B5KL38|VKT1_AUSSU      -          kunitz_MSA_clean     -            3.5e-26   87.1   5.5     4e-26   87.0   5.5   1.0   1   0   0   1   1   1   1 Kunitz-type serine protease inhibitor superbin-1 OS=Austrelaps superbus OX=29156 PE=2 SV=1
sp|P0DL86|VKT2H_RADCR     -          kunitz_MSA_clean     -            4.3e-26   86.9   6.4   4.5e-26   86.8   6.4   1.0   1   0   0   1   1   1   1 PI-stichotoxin-Hcr2h OS=Radianthus crispa OX=3122430 PE=1 SV=1
sp|Q6ITB3|VKT1_NOTSC      -          kunitz_MSA_clean     -            4.8e-26   86.7   3.2   5.4e-26   86.5   3.2   1.0   1   0   0   1   1   1   1 Kunitz-type serine protease inhibitor tigerin-1 OS=Notechis scutatus scutatus OX=70142 PE=2 SV=1
sp|B5KL33|VKT2_TROCA      -          kunitz_MSA_clean     -            4.8e-26   86.7   3.2   5.4e-26   86.5   3.2   1.0   1   0   0   1   1   1   1 Kunitz-type serine protease inhibitor carinatin-2 OS=Tropidechis carinatus OX=100989 PE=2 SV=1
sp|A6MFL3|VKT3_DEMVE      -          kunitz_MSA_clean     -            5.4e-26   86.6   4.4   6.1e-26   86.4   4.4   1.0   1   0   0   1   1   1   1 Kunitz-type serine protease inhibitor vestiginin-3 OS=Demansia vestigiata OX=412038 PE=1 SV=1
sp|B5L5R1|IVBI5_PSEPO     -          kunitz_MSA_clean     -            6.1e-26   86.4   6.5   6.9e-26   86.2   6.5   1.0   1   0   0   1   1   1   1 Blackelin-5 OS=Pseudechis porphyriacus OX=8671 PE=3 SV=1
sp|Q6ITC1|VKTH1_PSEAU     -          kunitz_MSA_clean     -              7e-26   86.2   6.1   7.9e-26   86.0   6.1   1.0   1   0   0   1   1   1   1 Kunitz-type serine protease inhibitor homolog mulgin-1 OS=Pseudechis australis OX=8670 PE=2 SV=1
sp|P0DMJ4|VKTI3_ANTFU     -          kunitz_MSA_clean     -            7.4e-26   86.1   5.9   7.8e-26   86.0   5.9   1.0   1   0   0   1   1   1   1 PI-actitoxin-Afv2b OS=Anthopleura fuscoviridis OX=6111 PE=1 SV=1
sp|B5KF94|VKT1_HOPST      -          kunitz_MSA_clean     -            7.7e-26   86.1   5.1   8.7e-26   85.9   5.1   1.0   1   0   0   1   1   1   1 Kunitz-type serine protease inhibitor stephenin-1 OS=Hoplocephalus stephensii OX=196418 PE=2 SV=1
sp|P0DN10|VKT6_ANEVI      -          kunitz_MSA_clean     -            7.9e-26   86.0   7.7   9.8e-26   85.7   7.7   1.1   1   0   0   1   1   1   1 U-actitoxin-Avd3i OS=Anemonia viridis OX=51769 PE=3 SV=1
sp|A6MGX9|VKT5_DEMVE      -          kunitz_MSA_clean     -              9e-26   85.8   5.1     1e-25   85.7   5.1   1.0   1   0   0   1   1   1   1 Kunitz-type serine protease inhibitor vestiginin-5 OS=Demansia vestigiata OX=412038 PE=2 SV=1
sp|C0HJU6|VKT2F_RADCR     -          kunitz_MSA_clean     -            9.2e-26   85.8   5.0   9.6e-26   85.7   5.0   1.0   1   0   0   1   1   1   1 PI-stichotoxin-Hcr2f OS=Radianthus crispa OX=3122430 PE=1 SV=1
sp|B5L5Q8|VKT5_PSEAU      -          kunitz_MSA_clean     -              1e-25   85.7   6.0   1.1e-25   85.5   6.0   1.0   1   0   0   1   1   1   1 Kunitz-type serine protease inhibitor mulgin-5 OS=Pseudechis australis OX=8670 PE=3 SV=1
sp|A0A3G2FQK2|3DPD_HETMG  -          kunitz_MSA_clean     -            1.1e-25   85.6   7.4   1.1e-25   85.6   7.4   1.7   1   1   1   2   2   1   1 PI-stichotoxin-Hmg3d (Fragment) OS=Heteractis magnifica OX=38281 PE=1 SV=1
sp|E7FL13|VKT3_PSERS      -          kunitz_MSA_clean     -            1.1e-25   85.6   6.7   1.3e-25   85.4   6.7   1.0   1   0   0   1   1   1   1 Kunitz serine protease inhibitor Pr-mulgin 3 OS=Pseudechis rossignolii OX=1489342 PE=2 SV=1
sp|B5KL34|VKT3_CRYNI      -          kunitz_MSA_clean     -            1.2e-25   85.5   5.8   1.3e-25   85.3   5.8   1.0   1   0   0   1   1   1   1 Kunitz-type serine protease inhibitor nigrescinin-3 OS=Cryptophis nigrescens OX=292442 PE=2 SV=1
sp|A8Y7N6|VKTC3_DABSI     -          kunitz_MSA_clean     -            1.4e-25   85.2   8.4   1.6e-25   85.1   8.4   1.0   1   0   0   1   1   1   1 Kunitz-type serine protease inhibitor C3 OS=Daboia siamensis OX=343250 PE=2 SV=1
sp|P25660|VKT9_BUNFA      -          kunitz_MSA_clean     -            1.6e-25   85.0   8.1   1.8e-25   84.8   8.1   1.0   1   0   0   1   1   1   1 Kunitz-type serine protease inhibitor IX OS=Bungarus fasciatus OX=8613 PE=1 SV=1
sp|H2A0P0|KCP5_PINMG      -          kunitz_MSA_clean     -              2e-25   84.7  30.1   1.3e-14   50.1   6.0   2.2   2   0   0   2   2   2   2 BPTI/Kunitz domain-containing protein 5 OS=Margaritifera margaritifera OX=102329 PE=1 SV=1
sp|B5KL30|VKT4_OXYSC      -          kunitz_MSA_clean     -            2.2e-25   84.6   3.3   2.5e-25   84.4   3.3   1.0   1   0   0   1   1   1   1 Kunitz-type serine protease inhibitor scutellin-4 OS=Oxyuranus scutellatus scutellatus OX=8667 PE=2 SV=1
sp|B2KTG1|VKT_BUNFA       -          kunitz_MSA_clean     -            2.9e-25   84.2   7.5   3.4e-25   84.0   7.5   1.0   1   0   0   1   1   1   1 Kunitz-type serine protease inhibitor bungaruskunin OS=Bungarus fasciatus OX=8613 PE=1 SV=1
sp|Q8AY41|VKTC_BUNCA      -          kunitz_MSA_clean     -            4.3e-25   83.7   5.9   4.9e-25   83.5   5.9   1.0   1   0   0   1   1   1   1 Kunitz-type serine protease inhibitor C OS=Bungarus candidus OX=92438 PE=2 SV=2
sp|A5X2X1|VKT_SISCA       -          kunitz_MSA_clean     -            4.5e-25   83.6   8.9   4.5e-25   83.6   8.9   1.7   2   0   0   2   2   1   1 Fused toxin protein OS=Sistrurus catenatus edwardsii OX=8762 PE=2 SV=1
sp|P0C5J5|WFKN1_RAT       -          kunitz_MSA_clean     -            5.6e-25   83.3   2.6   1.2e-20   69.4   0.3   2.9   2   0   0   2   2   2   2 WAP, Kazal, immunoglobulin, Kunitz and NTR domain-containing protein 1 OS=Rattus norvegicus OX=10116 GN=Wfikkn1 PE=2 SV=1
sp|A8Y7N5|VKTC2_DABSI     -          kunitz_MSA_clean     -            6.6e-25   83.1   6.5   7.5e-25   82.9   6.5   1.0   1   0   0   1   1   1   1 Kunitz-type serine protease inhibitor C2 OS=Daboia siamensis OX=343250 PE=3 SV=1
sp|Q8R0S6|WFKN1_MOUSE     -          kunitz_MSA_clean     -            7.8e-25   82.8   3.9   8.9e-21   69.8   0.5   2.9   2   0   0   2   2   2   2 WAP, Kazal, immunoglobulin, Kunitz and NTR domain-containing protein 1 OS=Mus musculus OX=10090 GN=Wfikkn1 PE=2 SV=2
sp|F8J2F6|VKT18_DRYCN     -          kunitz_MSA_clean     -              8e-25   82.8   5.7   9.1e-25   82.6   5.7   1.0   1   0   0   1   1   1   1 Kunitz-type serine protease inhibitor 18 OS=Drysdalia coronoides OX=66186 PE=1 SV=1
sp|P0DN07|VKT4_ANEVI      -          kunitz_MSA_clean     -            9.5e-25   82.6   8.3   1.2e-24   82.3   8.3   1.1   1   0   0   1   1   1   1 U-actitoxin-Avd3g OS=Anemonia viridis OX=51769 PE=3 SV=1
sp|F6ULY1|WFC6B_MOUSE     -          kunitz_MSA_clean     -            1.2e-24   82.2   0.9   2.8e-24   81.1   0.9   1.6   1   0   0   1   1   1   1 WAP four-disulfide core domain protein 6B OS=Mus musculus OX=10090 GN=Wfdc6b PE=2 SV=1
sp|P00990|VKT2_DABSI      -          kunitz_MSA_clean     -            1.2e-24   82.2   8.7   1.3e-24   82.1   8.7   1.0   1   0   0   1   1   1   1 Kunitz-type serine protease inhibitor 2 OS=Daboia siamensis OX=343250 PE=1 SV=1
sp|Q8AY43|VKTA_BUNCA      -          kunitz_MSA_clean     -            1.2e-24   82.2   9.5   1.5e-24   82.0   9.5   1.1   1   0   0   1   1   1   1 Kunitz-type serine protease inhibitor A OS=Bungarus candidus OX=92438 PE=2 SV=2
sp|Q6ITB2|VKT2_NOTSC      -          kunitz_MSA_clean     -            1.5e-24   81.9   1.9   1.7e-24   81.8   1.9   1.0   1   0   0   1   1   1   1 Kunitz-type serine protease inhibitor tigerin-2 OS=Notechis scutatus scutatus OX=70142 PE=2 SV=1
sp|A8Y7P4|VKTB4_DABSI     -          kunitz_MSA_clean     -            1.7e-24   81.8   6.8   1.9e-24   81.6   6.8   1.0   1   0   0   1   1   1   1 Kunitz-type serine protease inhibitor B4 OS=Daboia siamensis OX=343250 PE=3 SV=1
sp|P0DMX0|VKT3_ANTAF      -          kunitz_MSA_clean     -              2e-24   81.5  12.1   2.4e-24   81.3  12.1   1.0   1   0   0   1   1   1   1 PI-actitoxin-Axm2b OS=Anthopleura aff. xanthogrammica OX=152178 PE=1 SV=1
sp|P20229|VKTTI_NAJNA     -          kunitz_MSA_clean     -            2.1e-24   81.5   7.5   2.2e-24   81.4   7.5   1.0   1   0   0   1   1   1   1 Kunitz-type serine protease inhibitor OS=Naja naja OX=35670 PE=1 SV=1
sp|C8YJ94|KUN2_TABYA      -          kunitz_MSA_clean     -            2.4e-24   81.3   9.7   2.7e-24   81.1   9.7   1.0   1   0   0   1   1   1   1 Tabkunin 2 OS=Tabanus yao OX=485572 PE=1 SV=1
sp|A8Y7N4|VKTC1_DABSI     -          kunitz_MSA_clean     -            2.6e-24   81.2   9.5     3e-24   81.0   9.5   1.1   1   0   0   1   1   1   1 Kunitz-type serine protease inhibitor C1 OS=Daboia siamensis OX=343250 PE=2 SV=1
sp|H6VC05|VKTK1_DABRR     -          kunitz_MSA_clean     -            2.6e-24   81.2   9.5     3e-24   81.0   9.5   1.1   1   0   0   1   1   1   1 Kunitz-type serine protease inhibitor DrKIn-I OS=Daboia russelii OX=8707 PE=1 SV=1
sp|A8Y7P6|VKTB6_DABSI     -          kunitz_MSA_clean     -              3e-24   81.0   9.3   3.4e-24   80.8   9.3   1.0   1   0   0   1   1   1   1 Kunitz-type serine protease inhibitor B6 OS=Daboia siamensis OX=343250 PE=2 SV=1
sp|P0DJ50|VKT31_OLIMR     -          kunitz_MSA_clean     -            3.7e-24   80.7  10.6   4.5e-24   80.4  10.6   1.1   1   0   0   1   1   1   1 Kunitz-type serine protease inhibitor BmKTT-2 OS=Olivierus martensii OX=34649 PE=1 SV=2
sp|A8Y7N8|VKTC5_DABSI     -          kunitz_MSA_clean     -            3.7e-24   80.7   9.2   4.3e-24   80.5   9.2   1.1   1   0   0   1   1   1   1 Kunitz-type serine protease inhibitor C5 OS=Daboia siamensis OX=343250 PE=2 SV=1
sp|I2G9B4|VKT_MACLN       -          kunitz_MSA_clean     -            3.9e-24   80.6   9.9   4.5e-24   80.4   9.9   1.1   1   0   0   1   1   1   1 Kunitz-type serine protease inhibitor PIVL OS=Macrovipera lebetina transmediterranea OX=384075 PE=1 SV=1
sp|A8Y7P0|VKTB7_DABSI     -          kunitz_MSA_clean     -            4.2e-24   80.5   8.9   4.8e-24   80.3   8.9   1.0   1   0   0   1   1   1   1 Kunitz-type serine protease inhibitor 7 OS=Daboia siamensis OX=343250 PE=2 SV=1
sp|Q29100|UPTI_PIG        -          kunitz_MSA_clean     -            4.5e-24   80.4   6.3   4.5e-24   80.4   6.3   1.4   2   0   0   2   2   1   1 Uterine plasmin/trypsin inhibitor OS=Sus scrofa OX=9823 PE=1 SV=1
sp|C8YJ95|KUN3_TABYA      -          kunitz_MSA_clean     -            4.6e-24   80.4   8.5   5.1e-24   80.2   8.5   1.0   1   0   0   1   1   1   1 Tabkunin 2 OS=Tabanus yao OX=485572 PE=1 SV=1
sp|B5KL27|VKT3_OXYMI      -          kunitz_MSA_clean     -            4.7e-24   80.3   4.0   5.3e-24   80.2   4.0   1.0   1   0   0   1   1   1   1 Kunitz-type serine protease inhibitor microlepidin-3 OS=Oxyuranus microlepidotus OX=111177 PE=2 SV=1
sp|B5KL29|VKT3_OXYSC      -          kunitz_MSA_clean     -            6.8e-24   79.8   4.3   7.7e-24   79.6   4.3   1.0   1   0   0   1   1   1   1 Kunitz-type serine protease inhibitor scutellin-3 OS=Oxyuranus scutellatus scutellatus OX=8667 PE=2 SV=1
sp|Q90W96|VKT6_PSETT      -          kunitz_MSA_clean     -            6.9e-24   79.8   5.2   7.8e-24   79.6   5.2   1.0   1   0   0   1   1   1   1 Kunitz-type serine protease inhibitor textilinin-6 OS=Pseudonaja textilis textilis OX=169397 PE=2 SV=1
sp|C1IBY4|KUN1_TABYA      -          kunitz_MSA_clean     -            8.3e-24   79.5   9.3   9.3e-24   79.4   9.3   1.0   1   0   0   1   1   1   1 Tabkunin 1 OS=Tabanus yao OX=485572 PE=3 SV=1
sp|B5M0W4|SV66_SIMVI      -          kunitz_MSA_clean     -            9.1e-24   79.4   7.9   1.1e-23   79.1   7.9   1.1   1   0   0   1   1   1   1 Simukunin OS=Simulium vittatum OX=7192 PE=1 SV=1
sp|A8Y7P2|VKTB2_DABSI     -          kunitz_MSA_clean     -            1.3e-23   79.0   9.1   1.4e-23   78.8   9.1   1.0   1   0   0   1   1   1   1 Kunitz-type serine protease inhibitor B2 OS=Daboia siamensis OX=343250 PE=2 SV=1
sp|P81162|CRPTI_RHIMP     -          kunitz_MSA_clean     -            1.3e-23   79.0   5.8   1.5e-23   78.7   5.8   1.1   1   0   0   1   1   1   1 Protease inhibitor carrapatin OS=Rhipicephalus microplus OX=6941 PE=1 SV=1
sp|P81548|VKT2_ANTAF      -          kunitz_MSA_clean     -            1.6e-23   78.6   9.3   1.7e-23   78.6   9.3   1.0   1   0   0   1   1   1   1 PI-actitoxin-Axm2b OS=Anthopleura aff. xanthogrammica OX=152178 PE=1 SV=1
sp|Q3UW55|WFC6A_MOUSE     -          kunitz_MSA_clean     -            1.7e-23   78.6   0.5   4.2e-23   77.3   0.5   1.7   1   0   0   1   1   1   1 WAP four-disulfide core domain protein 6A OS=Mus musculus OX=10090 GN=Wfdc6a PE=2 SV=1
sp|Q5ZPJ7|VKT_NAJAT       -          kunitz_MSA_clean     -            1.9e-23   78.4   9.5   2.1e-23   78.2   9.5   1.0   1   0   0   1   1   1   1 Kunitz-type serine protease inhibitor NACI OS=Naja atra OX=8656 PE=1 SV=1
sp|P26228|SBPI_SARBU      -          kunitz_MSA_clean     -            2.2e-23   78.2   6.3   2.4e-23   78.0   6.3   1.0   1   0   0   1   1   1   1 Protease inhibitor OS=Sarcophaga bullata OX=7385 PE=1 SV=1
sp|F5GTK6|VKGUA_SIMGU     -          kunitz_MSA_clean     -            2.9e-23   77.8   8.3   4.5e-23   77.2   8.3   1.3   1   0   0   1   1   1   1 Guianensin OS=Simulium guianense OX=445764 PE=1 SV=1
sp|O93279|A4_TAKRU        -          kunitz_MSA_clean     -            3.2e-23   77.7   3.6   6.1e-23   76.8   3.6   1.5   1   0   0   1   1   1   1 Amyloid-beta A4 protein OS=Takifugu rubripes OX=31033 GN=app PE=3 SV=1
sp|D5J9Q8|VKT5_BUNFL      -          kunitz_MSA_clean     -            3.4e-23   77.6   9.9   3.8e-23   77.4   9.9   1.0   1   0   0   1   1   1   1 Kunitz-type serine protease inhibitor isoform 5 OS=Bungarus flaviceps flaviceps OX=8615 PE=3 SV=1
sp|P0DJ46|VKT21_LYCMC     -          kunitz_MSA_clean     -            5.1e-23   77.0   7.2   6.1e-23   76.8   7.2   1.1   1   0   0   1   1   1   1 Kunitz-type serine protease inhibitor LmKTT-1a OS=Lychas mucronatus OX=172552 PE=1 SV=1
sp|P82966|VKTCI_OPHHA     -          kunitz_MSA_clean     -            7.4e-23   76.5   5.7   8.4e-23   76.3   5.7   1.1   1   0   0   1   1   1   1 Kunitz-type serine protease inhibitor OS=Ophiophagus hannah OX=8665 PE=1 SV=2
sp|P0DN15|VKTB_ANEVI      -          kunitz_MSA_clean     -            7.7e-23   76.4  10.3   9.2e-23   76.2  10.3   1.1   1   0   0   1   1   1   1 U-actitoxin-Avd3n OS=Anemonia viridis OX=51769 PE=1 SV=1
sp|B5L5R6|IVBI3_HOPST     -          kunitz_MSA_clean     -            9.4e-23   76.2   5.1   1.1e-22   76.0   5.1   1.0   1   0   0   1   1   1   1 Stephenin-3 OS=Hoplocephalus stephensii OX=196418 PE=3 SV=2
sp|B2KTG3|VKTH2_BUNFA     -          kunitz_MSA_clean     -            1.2e-22   75.8   9.5   1.4e-22   75.6   9.5   1.0   1   0   0   1   1   1   1 Kunitz-type serine protease inhibitor homolog beta-bungarotoxin BF B2 chain OS=Bungarus fasciatus OX=8613 PE=2 SV=1
sp|D8KY58|VKT_BOMTE       -          kunitz_MSA_clean     -            2.4e-22   74.9   4.3   2.9e-22   74.6   4.3   1.1   1   0   0   1   1   1   1 Kunitz-type serine protease inhibitor Bt-KTI OS=Bombus terrestris OX=30195 PE=3 SV=1
sp|P0DJ45|VKT22_LYCMC     -          kunitz_MSA_clean     -            2.5e-22   74.8   7.9   2.9e-22   74.6   7.9   1.1   1   0   0   1   1   1   1 Kunitz-type serine protease inhibitor LmKTT-1b OS=Lychas mucronatus OX=172552 PE=2 SV=1
sp|P82968|MCPI_MELCP      -          kunitz_MSA_clean     -            2.5e-22   74.8   8.5   2.5e-22   74.8   8.5   2.3   3   0   0   3   3   1   1 Four-domain proteases inhibitor OS=Melithaea caledonica OX=156534 PE=1 SV=1
sp|O95925|EPPI_HUMAN      -          kunitz_MSA_clean     -            3.4e-22   74.4   8.4   9.9e-22   72.9   8.4   1.8   1   0   0   1   1   1   1 Eppin OS=Homo sapiens OX=9606 GN=EPPIN PE=1 SV=1
sp|P0DJ48|VKT23_LYCMC     -          kunitz_MSA_clean     -            6.9e-22   73.4   8.3   7.6e-22   73.3   8.3   1.0   1   0   0   1   1   1   1 Kunitz-type serine protease inhibitor LmKTT-1c OS=Lychas mucronatus OX=172552 PE=3 SV=1
sp|D2Y489|VKT1B_CONCL     -          kunitz_MSA_clean     -            7.5e-22   73.3   4.6     8e-22   73.2   4.6   1.0   1   0   0   1   1   1   1 Kunitz-type serine protease inhibitor conotoxin Cal9.1b (Fragment) OS=Californiconus californicus OX=1736779 PE=2 SV=1
sp|Q29143|ELAC_TRIVU      -          kunitz_MSA_clean     -            8.9e-22   73.1   3.2   1.2e-21   72.6   3.2   1.2   1   0   0   1   1   1   1 Early lactation protein OS=Trichosurus vulpecula OX=9337 GN=ELP PE=1 SV=1
sp|D2Y491|VKT1D_CONCL     -          kunitz_MSA_clean     -            9.3e-22   73.0   4.9     1e-21   72.9   4.9   1.0   1   0   0   1   1   1   1 Kunitz-type serine protease inhibitor conotoxin Cal9.1d (Fragment) OS=Californiconus californicus OX=1736779 PE=2 SV=1
sp|Q4KUS1|WFDC8_MOUSE     -          kunitz_MSA_clean     -            1.2e-21   72.6   5.1   1.2e-21   72.6   5.1   2.7   3   0   0   3   3   1   1 WAP four-disulfide core domain protein 8 OS=Mus musculus OX=10090 GN=Wfdc8 PE=2 SV=1
sp|C8YJ96|KUN4_TABYA      -          kunitz_MSA_clean     -            1.6e-21   72.3   8.8   1.8e-21   72.1   8.8   1.0   1   0   0   1   1   1   1 Tabkunin 4 OS=Tabanus yao OX=485572 PE=3 SV=1
sp|Q9BDL1|EPPI_MACMU      -          kunitz_MSA_clean     -            1.8e-21   72.1   8.9   1.8e-21   72.1   8.9   1.6   2   0   0   2   2   1   1 Eppin OS=Macaca mulatta OX=9544 GN=EPPIN PE=2 SV=1
sp|Q589G4|VKT19_ANOSM     -          kunitz_MSA_clean     -            2.9e-21   71.4   2.3   3.2e-21   71.3   2.3   1.0   1   0   0   1   1   1   1 Kunitz-type serine protease inhibitor As-fr-19 OS=Anoplius samariensis OX=200614 PE=1 SV=1
sp|P26227|HTIB_MANSE      -          kunitz_MSA_clean     -            3.3e-21   71.2   3.1   3.5e-21   71.1   3.1   1.0   1   0   0   1   1   1   1 Hemolymph trypsin inhibitor B (Fragment) OS=Manduca sexta OX=7130 PE=1 SV=1
sp|H2A0N5|KCP3_PINMG      -          kunitz_MSA_clean     -            8.3e-21   69.9  26.6   5.7e-11   38.4  10.1   2.2   1   1   1   2   2   2   2 BPTI/Kunitz domain-containing protein 3 OS=Margaritifera margaritifera OX=102329 PE=1 SV=1
sp|B5L5Q6|VKT5_OXYMI      -          kunitz_MSA_clean     -            8.5e-21   69.9   2.0   9.6e-21   69.7   2.0   1.0   1   0   0   1   1   1   1 Kunitz-type serine protease inhibitor microlepidin-5 OS=Oxyuranus microlepidotus OX=111177 PE=3 SV=1
sp|P68425|VKT1A_CYRSC     -          kunitz_MSA_clean     -            1.5e-20   69.1   8.0   1.8e-20   68.8   8.0   1.1   1   0   0   1   1   1   1 Kunitz-type kappaPI-theraphotoxin-Hs1a OS=Cyriopagopus schmidti OX=29017 PE=1 SV=2
sp|B2ZBB6|VKT11_CYRSC     -          kunitz_MSA_clean     -            2.3e-20   68.5   8.3   2.8e-20   68.3   8.3   1.1   1   0   0   1   1   1   1 Kunitz-type kappaPI-theraphotoxin-Hs1b OS=Cyriopagopus schmidti OX=29017 PE=3 SV=1
sp|P10832|ISC2_BOMMO      -          kunitz_MSA_clean     -            3.3e-20   68.0   8.3   3.6e-20   67.9   8.3   1.1   1   0   0   1   1   1   1 Chymotrypsin inhibitor SCI-II OS=Bombyx mori OX=7091 PE=1 SV=1
sp|P10831|ISC1_BOMMO      -          kunitz_MSA_clean     -            4.5e-20   67.6   7.7   4.9e-20   67.5   7.7   1.1   1   0   0   1   1   1   1 Chymotrypsin inhibitor SCI-I OS=Bombyx mori OX=7091 PE=1 SV=1
sp|H2A0N9|KCP4_PINMG      -          kunitz_MSA_clean     -            4.8e-20   67.5  11.9   4.8e-20   67.5  11.9   2.2   2   0   0   2   2   1   1 BPTI/Kunitz domain-containing protein 4 OS=Margaritifera margaritifera OX=102329 PE=1 SV=1
sp|O95428|PPN_HUMAN       -          kunitz_MSA_clean     -            5.2e-20   67.4   4.5   2.5e-19   65.2   4.5   2.3   1   0   0   1   1   1   1 Papilin OS=Homo sapiens OX=9606 GN=PAPLN PE=1 SV=4
sp|D2Y2Q7|VKTP1_CYRHA     -          kunitz_MSA_clean     -            2.2e-19   65.4   5.8   2.9e-19   65.0   5.8   1.1   1   0   0   1   1   1   1 Kunitz-type U15-theraphotoxin-Hhn1p OS=Cyriopagopus hainanus OX=209901 PE=3 SV=1
sp|D2Y2G1|VKTJ1_CYRHA     -          kunitz_MSA_clean     -            2.4e-19   65.3   6.4   3.2e-19   64.9   6.4   1.1   1   0   0   1   1   1   1 Kunitz-type U15-theraphotoxin-Hhn1j OS=Cyriopagopus hainanus OX=209901 PE=3 SV=1
sp|B5L5Q3|IVBS5_OXYSC     -          kunitz_MSA_clean     -            4.3e-19   64.5   1.4   4.8e-19   64.3   1.4   1.0   1   0   0   1   1   1   1 Scutellin-5 OS=Oxyuranus scutellatus scutellatus OX=8667 PE=3 SV=1
sp|P0DQR0|VKT2_PALCA      -          kunitz_MSA_clean     -            4.7e-19   64.3  12.4   5.1e-19   64.2  12.4   1.0   1   0   0   1   1   1   1 Kunitz-like toxin PcKuz2 OS=Palythoa caribaeorum OX=134933 PE=3 SV=1
sp|Q75S49|VKTH4_BUNCA     -          kunitz_MSA_clean     -              6e-19   64.0   8.3   7.1e-19   63.7   8.3   1.1   1   0   0   1   1   1   1 Kunitz-type serine protease inhibitor homolog beta-bungarotoxin B4 chain (Fragment) OS=Bungarus candidus OX=92438 PE=2 SV=1
sp|Q8AY46|VKTHB_BUNCA     -          kunitz_MSA_clean     -            6.2e-19   63.9   8.3   7.4e-19   63.7   8.3   1.1   1   0   0   1   1   1   1 Kunitz-type serine protease inhibitor homolog beta-bungarotoxin B1 chain OS=Bungarus candidus OX=92438 PE=2 SV=2
sp|P0DJ82|VKT27_CYRSC     -          kunitz_MSA_clean     -              9e-19   63.4   9.9   1.1e-18   63.2   9.9   1.1   1   0   0   1   1   1   1 Kunitz-type kappaPI-theraphotoxin-Hs1c OS=Cyriopagopus schmidti OX=29017 PE=3 SV=1
sp|Q9W728|VKTH3_BUNMU     -          kunitz_MSA_clean     -            1.5e-18   62.7   8.9   1.8e-18   62.5   8.9   1.1   1   0   0   1   1   1   1 Kunitz-type serine protease inhibitor homolog beta-bungarotoxin B3 chain OS=Bungarus multicinctus OX=8616 PE=2 SV=1
sp|P07481|ISC3_BOMMO      -          kunitz_MSA_clean     -            1.6e-18   62.6   7.3   1.9e-18   62.4   7.3   1.1   1   0   0   1   1   1   1 Chymotrypsin inhibitor SCI-III OS=Bombyx mori OX=7091 PE=1 SV=1
sp|B2ZBC0|VKTG9_CYRSC     -          kunitz_MSA_clean     -            1.8e-18   62.5   3.0   2.2e-18   62.2   3.0   1.1   1   0   0   1   1   1   1 Kunitz-type U15-theraphotoxin-Hs1c OS=Cyriopagopus schmidti OX=29017 PE=3 SV=1
sp|C0HLB0|MAMB9_DENVI     -          kunitz_MSA_clean     -            3.1e-18   61.7   9.4   3.2e-18   61.6   9.4   1.0   1   0   0   1   1   1   1 Mambaquaretin-9 OS=Dendroaspis viridis OX=8621 PE=1 SV=1
sp|B4ESA2|VKT1L_BUNMU     -          kunitz_MSA_clean     -            6.2e-18   60.7   6.0   6.9e-18   60.6   6.0   1.0   1   0   0   1   1   1   1 Kunitz-type serine protease inhibitor PILP-1 OS=Bungarus multicinctus OX=8616 PE=3 SV=1
sp|P0DJ80|VKT22_CYRSC     -          kunitz_MSA_clean     -              7e-18   60.6   3.4   8.6e-18   60.3   3.4   1.1   1   0   0   1   1   1   1 Kunitz-type U15-theraphotoxin-Hs1a OS=Cyriopagopus schmidti OX=29017 PE=3 SV=1
sp|B2ZBB8|VKT33_CYRSC     -          kunitz_MSA_clean     -              7e-18   60.6   3.4   8.6e-18   60.3   3.4   1.1   1   0   0   1   1   1   1 Kunitz-type U15-theraphotoxin-Hs1a OS=Cyriopagopus schmidti OX=29017 PE=3 SV=1
sp|P0DJ75|VKT2_CYRSC      -          kunitz_MSA_clean     -              7e-18   60.6   3.4   8.6e-18   60.3   3.4   1.1   1   0   0   1   1   1   1 Kunitz-type U15-theraphotoxin-Hs1a OS=Cyriopagopus schmidti OX=29017 PE=3 SV=1
sp|P0DJ78|VKT6_CYRSC      -          kunitz_MSA_clean     -              7e-18   60.6   3.4   8.6e-18   60.3   3.4   1.1   1   0   0   1   1   1   1 Kunitz-type U15-theraphotoxin-Hs1a OS=Cyriopagopus schmidti OX=29017 PE=3 SV=1
sp|D2Y2F4|VKTC1_CYRHA     -          kunitz_MSA_clean     -            1.6e-17   59.4   3.5   1.9e-17   59.1   3.5   1.1   1   0   0   1   1   1   1 Kunitz-type U15-theraphotoxin-Hhn1c OS=Cyriopagopus hainanus OX=209901 PE=3 SV=1
sp|P0DJ67|VKT34_CYRHA     -          kunitz_MSA_clean     -            1.6e-17   59.4   3.5   1.9e-17   59.1   3.5   1.1   1   0   0   1   1   1   1 Kunitz-type U15-theraphotoxin-Hhn1c OS=Cyriopagopus hainanus OX=209901 PE=3 SV=1
sp|P0DJ72|VKT68_CYRHA     -          kunitz_MSA_clean     -            1.7e-17   59.4   3.9     2e-17   59.1   3.9   1.1   1   0   0   1   1   1   1 Kunitz-type U15-theraphotoxin-Hhn1e OS=Cyriopagopus hainanus OX=209901 PE=3 SV=1
sp|Q63870|CO7A1_MOUSE     -          kunitz_MSA_clean     -            1.8e-17   59.3   1.6   3.5e-17   58.3   1.6   1.4   1   0   0   1   1   1   1 Collagen alpha-1(VII) chain OS=Mus musculus OX=10090 GN=Col7a1 PE=1 SV=3
sp|D2Y2F5|VKT4_CYRHA      -          kunitz_MSA_clean     -            2.2e-17   59.0   4.8   2.7e-17   58.7   4.8   1.1   1   0   0   1   1   1   1 Kunitz-type U15-theraphotoxin-Hhn1d OS=Cyriopagopus hainanus OX=209901 PE=3 SV=1
sp|Q2UY11|COSA1_MOUSE     -          kunitz_MSA_clean     -            2.7e-17   58.7   6.1   4.9e-17   57.9   6.1   1.4   1   0   0   1   1   1   1 Collagen alpha-1(XXVIII) chain OS=Mus musculus OX=10090 GN=Col28a1 PE=2 SV=1
sp|D2Y2F3|VKT2_CYRHA      -          kunitz_MSA_clean     -            6.3e-17   57.5   3.5   7.7e-17   57.2   3.5   1.1   1   0   0   1   1   1   1 Kunitz-type U15-theraphotoxin-Hhn1b OS=Cyriopagopus hainanus OX=209901 PE=3 SV=1
sp|Q6UDR6|SPIT4_HUMAN     -          kunitz_MSA_clean     -            7.4e-17   57.3   5.0   1.1e-16   56.7   5.0   1.3   1   0   0   1   1   1   1 Kunitz-type protease inhibitor 4 OS=Homo sapiens OX=9606 GN=SPINT4 PE=1 SV=1
sp|P0DJ73|VKT74_CYRHA     -          kunitz_MSA_clean     -            8.5e-17   57.1   5.0   1.1e-16   56.7   5.0   1.1   1   0   0   1   1   1   1 Kunitz-type U15-theraphotoxin-Hhn1f OS=Cyriopagopus hainanus OX=209901 PE=3 SV=1
sp|D2Y2F9|VKTH1_CYRHA     -          kunitz_MSA_clean     -            1.5e-16   56.3   4.1   1.8e-16   56.0   4.1   1.1   1   0   0   1   1   1   1 Kunitz-type U15-theraphotoxin-Hhn1h OS=Cyriopagopus hainanus OX=209901 PE=3 SV=1
sp|P0DMW9|VKT34_ACTEQ     -          kunitz_MSA_clean     -            5.1e-16   54.6   2.1   5.3e-16   54.5   2.1   1.0   1   0   0   1   1   1   1 Kunitz-type proteinase inhibitor AEPI-IV (Fragment) OS=Actinia equina OX=6106 PE=1 SV=1
sp|P0DJ81|VKT24_CYRSC     -          kunitz_MSA_clean     -            9.7e-16   53.7   1.9   1.2e-15   53.4   1.9   1.1   1   0   0   1   1   1   1 Kunitz-type U15-theraphotoxin-Hs1e OS=Cyriopagopus schmidti OX=29017 PE=3 SV=1
sp|D2Y2G2|VKTK1_CYRHA     -          kunitz_MSA_clean     -            2.1e-15   52.6   4.6   2.6e-15   52.4   4.6   1.1   1   0   0   1   1   1   1 Kunitz-type U15-theraphotoxin-Hhn1k OS=Cyriopagopus hainanus OX=209901 PE=3 SV=1
sp|C0LNR2|VKT_VESBI       -          kunitz_MSA_clean     -            3.9e-15   51.8   2.9   4.9e-15   51.5   2.9   1.1   1   0   0   1   1   1   1 Kunitz-type serine protease inhibitor bicolin OS=Vespa bicolor OX=619325 PE=1 SV=1
sp|P0DMW8|VKT33_ACTEQ     -          kunitz_MSA_clean     -            4.7e-15   51.5   3.3   4.9e-15   51.4   3.3   1.0   1   0   0   1   1   1   1 Kunitz-type proteinase inhibitor AEPI-III (Fragment) OS=Actinia equina OX=6106 PE=1 SV=1
sp|Q8IUA0|WFDC8_HUMAN     -          kunitz_MSA_clean     -            2.4e-14   49.2   7.9   2.4e-14   49.2   7.9   2.5   3   0   0   3   3   1   1 WAP four-disulfide core domain protein 8 OS=Homo sapiens OX=9606 GN=WFDC8 PE=1 SV=2
sp|I6VXS1|KUN2_RHIHE      -          kunitz_MSA_clean     -            2.5e-14   49.2   8.9   2.5e-14   49.2   8.9   2.6   3   0   0   3   3   2   1 Anticoagulant protein rhipilin-2 OS=Rhipicephalus haemaphysaloides OX=237073 PE=2 SV=1
sp|M9PE65|AXO_DROME       -          kunitz_MSA_clean     -            3.1e-14   48.9   7.6     1e-13   47.2   7.6   2.0   1   0   0   1   1   1   1 Axotactin OS=Drosophila melanogaster OX=7227 GN=axo PE=1 SV=1
sp|Q7Z1K3|ANIS1_ANISI     -          kunitz_MSA_clean     -            8.3e-13   44.3   3.3   8.3e-13   44.3   3.3   2.3   2   1   0   2   2   1   1 Major allergen Ani s 1 OS=Anisakis simplex OX=6269 PE=1 SV=1
sp|P26226|HTIA_MANSE      -          kunitz_MSA_clean     -            1.1e-11   40.7   2.8   1.6e-11   40.2   2.8   1.2   1   0   0   1   1   1   1 Hemolymph trypsin inhibitor A (Fragment) OS=Manduca sexta OX=7130 PE=1 SV=1
sp|D9IFL3|KUN1_RHIHE      -          kunitz_MSA_clean     -            3.5e-11   39.1   4.2   7.2e-11   38.1   4.2   1.5   1   0   0   1   1   1   1 Anticoagulant protein rhipilin-1 OS=Rhipicephalus haemaphysaloides OX=237073 PE=2 SV=1
sp|Q8WPG5|KUNI_ORNKA      -          kunitz_MSA_clean     -            1.5e-05   21.0   3.7   0.00014   17.9   0.4   2.3   2   0   0   2   2   2   1 Thrombin inhibitor savignin OS=Ornithodoros kalahariensis OX=1580572 PE=1 SV=1
sp|A0A1Q1NL17|HA11_HYAAI  -          kunitz_MSA_clean     -            0.00035   16.7   5.6   0.00093   15.3   5.6   1.6   1   1   0   1   1   1   1 Kunitz-type anticoagulant protein HA11 OS=Hyalomma asiaticum OX=266040 GN=HA11 PE=2 SV=1
sp|D3GGZ8|BLI5_HAECO      -          kunitz_MSA_clean     -               0.01   12.0   0.3      0.01   12.0   0.3   2.1   2   0   0   2   2   1   0 Kunitz-type protein bli-5 OS=Haemonchus contortus OX=6289 GN=bli-5 PE=3 SV=1
#
# Program:         hmmsearch
# Version:         3.3.2 (Nov 2020)
# Pipeline mode:   SEARCH
# Query file:      kunitz.hmm
# Target file:     pos_2.fasta
# Option settings: hmmsearch --tblout pos_2.out --max -Z 1000 kunitz.hmm pos_2.fasta 
# Current dir:     /mnt/c/Users/nello/Desktop/Project_Lab_Redo
# Date:            Thu Dec  4 00:55:05 2025
# [ok]
